> Task :compileJava UP-TO-DATE
> Task :processResources
> Task :classes
> Task :resolveMainClassName

> Task :bootRun

  .   ____          _            __ _ _
 /\\ / ___'_ __ _ _(_)_ __  __ _ \ \ \ \
( ( )\___ | '_ | '_| | '_ \/ _` | \ \ \ \
 \\/  ___)| |_)| | | | | || (_| |  ) ) ) )
  '  |____| .__|_| |_|_| |_\__, | / / / /
 =========|_|==============|___/=/_/_/_/
 :: Spring Boot ::                (v3.2.5)

2026-01-07T15:55:31.002+09:00  INFO 19560 --- [polytech-lms-api] [  restartedMain] k.p.lms.PolytechLmsApiApplication        : Starting PolytechLmsApiApplication using Java 21.0.9 with PID 19560 (C:\Users\NEWKL1\Desktop\MalgnLMS\polytech-lms-api\build\classes\java\main started by NEWKL1 in C:\Users\NEWKL1\Desktop\MalgnLMS\polytech-lms-api)
2026-01-07T15:55:31.003+09:00  INFO 19560 --- [polytech-lms-api] [  restartedMain] k.p.lms.PolytechLmsApiApplication        : The following 1 profile is active: "local"
2026-01-07T15:55:31.036+09:00  INFO 19560 --- [polytech-lms-api] [  restartedMain] .e.DevToolsPropertyDefaultsPostProcessor : Devtools property defaults active! Set 'spring.devtools.add-properties' to 'false' to disable
2026-01-07T15:55:31.036+09:00  INFO 19560 --- [polytech-lms-api] [  restartedMain] .e.DevToolsPropertyDefaultsPostProcessor : For additional web related logging consider setting the 'logging.level.web' property to 'DEBUG'
2026-01-07T15:55:31.662+09:00  INFO 19560 --- [polytech-lms-api] [  restartedMain] .s.d.r.c.RepositoryConfigurationDelegate : Bootstrapping Spring Data JPA repositories in DEFAULT mode.
2026-01-07T15:55:31.760+09:00  INFO 19560 --- [polytech-lms-api] [  restartedMain] .s.d.r.c.RepositoryConfigurationDelegate : Finished Spring Data repository scanning in 94 ms. Found 2 JPA repository interfaces.
2026-01-07T15:55:32.264+09:00  INFO 19560 --- [polytech-lms-api] [  restartedMain] o.s.b.w.embedded.tomcat.TomcatWebServer  : Tomcat initialized with port 8081 (http)
2026-01-07T15:55:32.272+09:00  INFO 19560 --- [polytech-lms-api] [  restartedMain] o.apache.catalina.core.StandardService   : Starting service [Tomcat]
2026-01-07T15:55:32.273+09:00  INFO 19560 --- [polytech-lms-api] [  restartedMain] o.apache.catalina.core.StandardEngine    : Starting Servlet engine: [Apache Tomcat/10.1.20]
2026-01-07T15:55:32.319+09:00  INFO 19560 --- [polytech-lms-api] [  restartedMain] o.a.c.c.C.[Tomcat].[localhost].[/]       : Initializing Spring embedded WebApplicationContext
2026-01-07T15:55:32.320+09:00  INFO 19560 --- [polytech-lms-api] [  restartedMain] w.s.c.ServletWebServerApplicationContext : Root WebApplicationContext: initialization completed in 1283 ms
2026-01-07T15:55:33.082+09:00  INFO 19560 --- [polytech-lms-api] [  restartedMain] o.hibernate.jpa.internal.util.LogHelper  : HHH000204: Processing PersistenceUnitInfo [name: default]
2026-01-07T15:55:33.123+09:00  INFO 19560 --- [polytech-lms-api] [  restartedMain] org.hibernate.Version                    : HHH000412: Hibernate ORM core version 6.4.4.Final
2026-01-07T15:55:33.149+09:00  INFO 19560 --- [polytech-lms-api] [  restartedMain] o.h.c.internal.RegionFactoryInitiator    : HHH000026: Second-level cache disabled
2026-01-07T15:55:33.397+09:00  INFO 19560 --- [polytech-lms-api] [  restartedMain] o.s.o.j.p.SpringPersistenceUnitInfo      : No LoadTimeWeaver setup: ignoring JPA class transformer
2026-01-07T15:55:33.426+09:00  INFO 19560 --- [polytech-lms-api] [  restartedMain] com.zaxxer.hikari.HikariDataSource       : HikariPool-1 - Starting...
2026-01-07T15:55:33.588+09:00  INFO 19560 --- [polytech-lms-api] [  restartedMain] com.zaxxer.hikari.pool.HikariPool        : HikariPool-1 - Added connection com.mysql.cj.jdbc.ConnectionImpl@5f7cfdd1
2026-01-07T15:55:33.590+09:00  INFO 19560 --- [polytech-lms-api] [  restartedMain] com.zaxxer.hikari.HikariDataSource       : HikariPool-1 - Start completed.
2026-01-07T15:55:34.373+09:00  INFO 19560 --- [polytech-lms-api] [  restartedMain] o.h.e.t.j.p.i.JtaPlatformInitiator       : HHH000489: No JTA platform available (set 'hibernate.transaction.jta.platform' to enable JTA platform integration)
2026-01-07T15:55:34.376+09:00  INFO 19560 --- [polytech-lms-api] [  restartedMain] j.LocalContainerEntityManagerFactoryBean : Initialized JPA EntityManagerFactory for persistence unit 'default'
2026-01-07T15:55:35.228+09:00  WARN 19560 --- [polytech-lms-api] [  restartedMain] io.qdrant.client.QdrantGrpcClient        : Failed to obtain server version. Unable to check client-server compatibility. Set checkCompatibility=false to skip version check.
2026-01-07T15:55:35.539+09:00  WARN 19560 --- [polytech-lms-api] [  restartedMain] JpaBaseConfiguration$JpaWebConfiguration : spring.jpa.open-in-view is enabled by default. Therefore, database queries may be performed during view rendering. Explicitly configure spring.jpa.open-in-view to disable this warning
2026-01-07T15:55:35.972+09:00  INFO 19560 --- [polytech-lms-api] [  restartedMain] o.s.b.d.a.OptionalLiveReloadServer       : LiveReload server is running on port 35729
2026-01-07T15:55:35.979+09:00  INFO 19560 --- [polytech-lms-api] [  restartedMain] o.s.b.a.e.web.EndpointLinksResolver      : Exposing 1 endpoint(s) beneath base path '/actuator'
2026-01-07T15:55:36.027+09:00  INFO 19560 --- [polytech-lms-api] [  restartedMain] o.s.b.w.embedded.tomcat.TomcatWebServer  : Tomcat started on port 8081 (http) with context path ''
2026-01-07T15:55:36.037+09:00  INFO 19560 --- [polytech-lms-api] [  restartedMain] k.p.lms.PolytechLmsApiApplication        : Started PolytechLmsApiApplication in 5.303 seconds (process running for 5.651)
2026-01-07T15:55:36.257+09:00  INFO 19560 --- [polytech-lms-api] [nio-8081-exec-1] o.a.c.c.C.[Tomcat].[localhost].[/]       : Initializing Spring DispatcherServlet 'dispatcherServlet'
2026-01-07T15:55:36.257+09:00  INFO 19560 --- [polytech-lms-api] [nio-8081-exec-1] o.s.web.servlet.DispatcherServlet        : Initializing Servlet 'dispatcherServlet'
2026-01-07T15:55:36.258+09:00  INFO 19560 --- [polytech-lms-api] [nio-8081-exec-1] o.s.web.servlet.DispatcherServlet        : Completed initialization in 1 ms
