> Task :compileJava UP-TO-DATE
> Task :processResources UP-TO-DATE
> Task :classes UP-TO-DATE
> Task :resolveMainClassName UP-TO-DATE

> Task :bootRun

  .   ____          _            __ _ _
 /\\ / ___'_ __ _ _(_)_ __  __ _ \ \ \ \
( ( )\___ | '_ | '_| | '_ \/ _` | \ \ \ \
 \\/  ___)| |_)| | | | | || (_| |  ) ) ) )
  '  |____| .__|_| |_|_| |_\__, | / / / /
 =========|_|==============|___/=/_/_/_/
 :: Spring Boot ::                (v3.2.5)

2026-01-07T17:21:33.077+09:00  INFO 23972 --- [polytech-lms-api] [  restartedMain] k.p.lms.PolytechLmsApiApplication        : Starting PolytechLmsApiApplication using Java 21.0.9 with PID 23972 (C:\Users\NEWKL1\Desktop\MalgnLMS\polytech-lms-api\build\classes\java\main started by NEWKL1 in C:\Users\NEWKL1\Desktop\MalgnLMS\polytech-lms-api)
2026-01-07T17:21:33.080+09:00  INFO 23972 --- [polytech-lms-api] [  restartedMain] k.p.lms.PolytechLmsApiApplication        : The following 1 profile is active: "local"
2026-01-07T17:21:33.119+09:00  INFO 23972 --- [polytech-lms-api] [  restartedMain] .e.DevToolsPropertyDefaultsPostProcessor : Devtools property defaults active! Set 'spring.devtools.add-properties' to 'false' to disable
2026-01-07T17:21:33.119+09:00  INFO 23972 --- [polytech-lms-api] [  restartedMain] .e.DevToolsPropertyDefaultsPostProcessor : For additional web related logging consider setting the 'logging.level.web' property to 'DEBUG'
2026-01-07T17:21:33.787+09:00  INFO 23972 --- [polytech-lms-api] [  restartedMain] .s.d.r.c.RepositoryConfigurationDelegate : Bootstrapping Spring Data JPA repositories in DEFAULT mode.
2026-01-07T17:21:33.894+09:00  INFO 23972 --- [polytech-lms-api] [  restartedMain] .s.d.r.c.RepositoryConfigurationDelegate : Finished Spring Data repository scanning in 101 ms. Found 2 JPA repository interfaces.
2026-01-07T17:21:34.430+09:00  INFO 23972 --- [polytech-lms-api] [  restartedMain] o.s.b.w.embedded.tomcat.TomcatWebServer  : Tomcat initialized with port 8081 (http)
2026-01-07T17:21:34.440+09:00  INFO 23972 --- [polytech-lms-api] [  restartedMain] o.apache.catalina.core.StandardService   : Starting service [Tomcat]
2026-01-07T17:21:34.440+09:00  INFO 23972 --- [polytech-lms-api] [  restartedMain] o.apache.catalina.core.StandardEngine    : Starting Servlet engine: [Apache Tomcat/10.1.20]
2026-01-07T17:21:34.477+09:00  INFO 23972 --- [polytech-lms-api] [  restartedMain] o.a.c.c.C.[Tomcat].[localhost].[/]       : Initializing Spring embedded WebApplicationContext
2026-01-07T17:21:34.478+09:00  INFO 23972 --- [polytech-lms-api] [  restartedMain] w.s.c.ServletWebServerApplicationContext : Root WebApplicationContext: initialization completed in 1358 ms
2026-01-07T17:21:34.693+09:00  INFO 23972 --- [polytech-lms-api] [  restartedMain] o.hibernate.jpa.internal.util.LogHelper  : HHH000204: Processing PersistenceUnitInfo [name: default]
2026-01-07T17:21:34.736+09:00  INFO 23972 --- [polytech-lms-api] [  restartedMain] org.hibernate.Version                    : HHH000412: Hibernate ORM core version 6.4.4.Final
2026-01-07T17:21:34.758+09:00  INFO 23972 --- [polytech-lms-api] [  restartedMain] o.h.c.internal.RegionFactoryInitiator    : HHH000026: Second-level cache disabled
2026-01-07T17:21:34.922+09:00  INFO 23972 --- [polytech-lms-api] [  restartedMain] o.s.o.j.p.SpringPersistenceUnitInfo      : No LoadTimeWeaver setup: ignoring JPA class transformer
2026-01-07T17:21:34.940+09:00  INFO 23972 --- [polytech-lms-api] [  restartedMain] com.zaxxer.hikari.HikariDataSource       : HikariPool-1 - Starting...
2026-01-07T17:21:35.047+09:00  INFO 23972 --- [polytech-lms-api] [  restartedMain] com.zaxxer.hikari.pool.HikariPool        : HikariPool-1 - Added connection com.mysql.cj.jdbc.ConnectionImpl@620f81f
2026-01-07T17:21:35.050+09:00  INFO 23972 --- [polytech-lms-api] [  restartedMain] com.zaxxer.hikari.HikariDataSource       : HikariPool-1 - Start completed.
2026-01-07T17:21:35.746+09:00  INFO 23972 --- [polytech-lms-api] [  restartedMain] o.h.e.t.j.p.i.JtaPlatformInitiator       : HHH000489: No JTA platform available (set 'hibernate.transaction.jta.platform' to enable JTA platform integration)
2026-01-07T17:21:35.748+09:00  INFO 23972 --- [polytech-lms-api] [  restartedMain] j.LocalContainerEntityManagerFactoryBean : Initialized JPA EntityManagerFactory for persistence unit 'default'
2026-01-07T17:21:36.621+09:00  WARN 23972 --- [polytech-lms-api] [  restartedMain] io.qdrant.client.QdrantGrpcClient        : Failed to obtain server version. Unable to check client-server compatibility. Set checkCompatibility=false to skip version check.
2026-01-07T17:21:36.962+09:00  WARN 23972 --- [polytech-lms-api] [  restartedMain] JpaBaseConfiguration$JpaWebConfiguration : spring.jpa.open-in-view is enabled by default. Therefore, database queries may be performed during view rendering. Explicitly configure spring.jpa.open-in-view to disable this warning
2026-01-07T17:21:37.429+09:00  INFO 23972 --- [polytech-lms-api] [  restartedMain] o.s.b.d.a.OptionalLiveReloadServer       : LiveReload server is running on port 35729
2026-01-07T17:21:37.440+09:00  INFO 23972 --- [polytech-lms-api] [  restartedMain] o.s.b.a.e.web.EndpointLinksResolver      : Exposing 1 endpoint(s) beneath base path '/actuator'
2026-01-07T17:21:37.495+09:00  INFO 23972 --- [polytech-lms-api] [  restartedMain] o.s.b.w.embedded.tomcat.TomcatWebServer  : Tomcat started on port 8081 (http) with context path ''
2026-01-07T17:21:37.507+09:00  INFO 23972 --- [polytech-lms-api] [  restartedMain] k.p.lms.PolytechLmsApiApplication        : Started PolytechLmsApiApplication in 4.726 seconds (process running for 5.11)
2026-01-07T17:21:40.238+09:00  INFO 23972 --- [polytech-lms-api] [nio-8081-exec-1] o.a.c.c.C.[Tomcat].[localhost].[/]       : Initializing Spring DispatcherServlet 'dispatcherServlet'
2026-01-07T17:21:40.239+09:00  INFO 23972 --- [polytech-lms-api] [nio-8081-exec-1] o.s.web.servlet.DispatcherServlet        : Initializing Servlet 'dispatcherServlet'
2026-01-07T17:21:40.240+09:00  INFO 23972 --- [polytech-lms-api] [nio-8081-exec-1] o.s.web.servlet.DispatcherServlet        : Completed initialization in 1 ms
2026-01-07T17:22:37.557+09:00  WARN 23972 --- [polytech-lms-api] [nio-8081-exec-6] .w.s.m.a.ResponseStatusExceptionResolver : Resolved [org.springframework.web.server.ResponseStatusException: 404 NOT_FOUND "전사 결과를 찾을 수 없습니다."]
2026-01-07T17:22:54.640+09:00  WARN 23972 --- [polytech-lms-api] [nio-8081-exec-9] .w.s.m.a.ResponseStatusExceptionResolver : Resolved [org.springframework.web.server.ResponseStatusException: 404 NOT_FOUND "전사 결과를 찾을 수 없습니다."]
2026-01-07T17:22:54.654+09:00  WARN 23972 --- [polytech-lms-api] [io-8081-exec-10] .w.s.m.a.ResponseStatusExceptionResolver : Resolved [org.springframework.web.server.ResponseStatusException: 404 NOT_FOUND "전사 결과를 찾을 수 없습니다."]
2026-01-07T17:22:54.659+09:00  WARN 23972 --- [polytech-lms-api] [nio-8081-exec-1] .w.s.m.a.ResponseStatusExceptionResolver : Resolved [org.springframework.web.server.ResponseStatusException: 404 NOT_FOUND "전사 결과를 찾을 수 없습니다."]
2026-01-07T17:22:54.666+09:00  WARN 23972 --- [polytech-lms-api] [nio-8081-exec-2] .w.s.m.a.ResponseStatusExceptionResolver : Resolved [org.springframework.web.server.ResponseStatusException: 404 NOT_FOUND "전사 결과를 찾을 수 없습니다."]
2026-01-07T17:22:54.671+09:00  WARN 23972 --- [polytech-lms-api] [nio-8081-exec-3] .w.s.m.a.ResponseStatusExceptionResolver : Resolved [org.springframework.web.server.ResponseStatusException: 404 NOT_FOUND "전사 결과를 찾을 수 없습니다."]
2026-01-07T17:22:54.675+09:00  WARN 23972 --- [polytech-lms-api] [nio-8081-exec-4] .w.s.m.a.ResponseStatusExceptionResolver : Resolved [org.springframework.web.server.ResponseStatusException: 404 NOT_FOUND "전사 결과를 찾을 수 없습니다."]
2026-01-07T17:22:54.680+09:00  WARN 23972 --- [polytech-lms-api] [nio-8081-exec-5] .w.s.m.a.ResponseStatusExceptionResolver : Resolved [org.springframework.web.server.ResponseStatusException: 404 NOT_FOUND "전사 결과를 찾을 수 없습니다."]
2026-01-07T17:22:54.694+09:00  WARN 23972 --- [polytech-lms-api] [nio-8081-exec-7] .w.s.m.a.ResponseStatusExceptionResolver : Resolved [org.springframework.web.server.ResponseStatusException: 404 NOT_FOUND "전사 결과를 찾을 수 없습니다."]
2026-01-07T17:22:54.698+09:00  WARN 23972 --- [polytech-lms-api] [nio-8081-exec-6] .w.s.m.a.ResponseStatusExceptionResolver : Resolved [org.springframework.web.server.ResponseStatusException: 404 NOT_FOUND "전사 결과를 찾을 수 없습니다."]
2026-01-07T17:22:54.704+09:00  WARN 23972 --- [polytech-lms-api] [nio-8081-exec-8] .w.s.m.a.ResponseStatusExceptionResolver : Resolved [org.springframework.web.server.ResponseStatusException: 404 NOT_FOUND "전사 결과를 찾을 수 없습니다."]
2026-01-07T17:32:45.120+09:00  WARN 23972 --- [polytech-lms-api] [io-8081-exec-10] .w.s.m.a.ResponseStatusExceptionResolver : Resolved [org.springframework.web.server.ResponseStatusException: 404 NOT_FOUND "전사 결과를 찾을 수 없습니다."]
2026-01-07T17:36:55.179+09:00  WARN 23972 --- [polytech-lms-api] [nio-8081-exec-2] .w.s.m.a.ResponseStatusExceptionResolver : Resolved [org.springframework.web.server.ResponseStatusException: 404 NOT_FOUND "전사 결과를 찾을 수 없습니다."]
2026-01-07T17:37:46.865+09:00  WARN 23972 --- [polytech-lms-api] [nio-8081-exec-7] .w.s.m.a.ResponseStatusExceptionResolver : Resolved [org.springframework.web.server.ResponseStatusException: 404 NOT_FOUND "전사 결과를 찾을 수 없습니다."]
2026-01-07T17:37:46.931+09:00  WARN 23972 --- [polytech-lms-api] [nio-8081-exec-6] .w.s.m.a.ResponseStatusExceptionResolver : Resolved [org.springframework.web.server.ResponseStatusException: 404 NOT_FOUND "전사 결과를 찾을 수 없습니다."]
2026-01-07T17:37:46.940+09:00  WARN 23972 --- [polytech-lms-api] [nio-8081-exec-8] .w.s.m.a.ResponseStatusExceptionResolver : Resolved [org.springframework.web.server.ResponseStatusException: 404 NOT_FOUND "전사 결과를 찾을 수 없습니다."]
2026-01-07T17:37:46.948+09:00  WARN 23972 --- [polytech-lms-api] [nio-8081-exec-9] .w.s.m.a.ResponseStatusExceptionResolver : Resolved [org.springframework.web.server.ResponseStatusException: 404 NOT_FOUND "전사 결과를 찾을 수 없습니다."]
2026-01-07T17:37:46.957+09:00  WARN 23972 --- [polytech-lms-api] [io-8081-exec-10] .w.s.m.a.ResponseStatusExceptionResolver : Resolved [org.springframework.web.server.ResponseStatusException: 404 NOT_FOUND "전사 결과를 찾을 수 없습니다."]
2026-01-07T17:37:46.967+09:00  WARN 23972 --- [polytech-lms-api] [nio-8081-exec-1] .w.s.m.a.ResponseStatusExceptionResolver : Resolved [org.springframework.web.server.ResponseStatusException: 404 NOT_FOUND "전사 결과를 찾을 수 없습니다."]
2026-01-07T17:37:46.975+09:00  WARN 23972 --- [polytech-lms-api] [nio-8081-exec-2] .w.s.m.a.ResponseStatusExceptionResolver : Resolved [org.springframework.web.server.ResponseStatusException: 404 NOT_FOUND "전사 결과를 찾을 수 없습니다."]
2026-01-07T17:37:46.986+09:00  WARN 23972 --- [polytech-lms-api] [nio-8081-exec-3] .w.s.m.a.ResponseStatusExceptionResolver : Resolved [org.springframework.web.server.ResponseStatusException: 404 NOT_FOUND "전사 결과를 찾을 수 없습니다."]
2026-01-07T17:37:46.996+09:00  WARN 23972 --- [polytech-lms-api] [nio-8081-exec-4] .w.s.m.a.ResponseStatusExceptionResolver : Resolved [org.springframework.web.server.ResponseStatusException: 404 NOT_FOUND "전사 결과를 찾을 수 없습니다."]
2026-01-07T17:37:47.008+09:00  WARN 23972 --- [polytech-lms-api] [nio-8081-exec-5] .w.s.m.a.ResponseStatusExceptionResolver : Resolved [org.springframework.web.server.ResponseStatusException: 404 NOT_FOUND "전사 결과를 찾을 수 없습니다."]
2026-01-07T17:38:06.234+09:00  WARN 23972 --- [polytech-lms-api] [nio-8081-exec-6] .w.s.m.a.ResponseStatusExceptionResolver : Resolved [org.springframework.web.server.ResponseStatusException: 404 NOT_FOUND "전사 결과를 찾을 수 없습니다."]
2026-01-07T17:42:06.082+09:00  WARN 23972 --- [polytech-lms-api] [nio-8081-exec-1] .w.s.m.a.ResponseStatusExceptionResolver : Resolved [org.springframework.web.server.ResponseStatusException: 404 NOT_FOUND "전사 결과를 찾을 수 없습니다."]
2026-01-07T17:42:06.150+09:00  WARN 23972 --- [polytech-lms-api] [nio-8081-exec-2] .w.s.m.a.ResponseStatusExceptionResolver : Resolved [org.springframework.web.server.ResponseStatusException: 404 NOT_FOUND "전사 결과를 찾을 수 없습니다."]
2026-01-07T17:42:06.160+09:00  WARN 23972 --- [polytech-lms-api] [nio-8081-exec-3] .w.s.m.a.ResponseStatusExceptionResolver : Resolved [org.springframework.web.server.ResponseStatusException: 404 NOT_FOUND "전사 결과를 찾을 수 없습니다."]
2026-01-07T17:42:56.744+09:00  WARN 23972 --- [polytech-lms-api] [nio-8081-exec-1] .w.s.m.a.ResponseStatusExceptionResolver : Resolved [org.springframework.web.server.ResponseStatusException: 404 NOT_FOUND "전사 결과를 찾을 수 없습니다."]
2026-01-07T17:42:56.981+09:00  WARN 23972 --- [polytech-lms-api] [nio-8081-exec-2] .w.s.m.a.ResponseStatusExceptionResolver : Resolved [org.springframework.web.server.ResponseStatusException: 404 NOT_FOUND "전사 결과를 찾을 수 없습니다."]
2026-01-07T17:42:57.190+09:00  WARN 23972 --- [polytech-lms-api] [nio-8081-exec-3] .w.s.m.a.ResponseStatusExceptionResolver : Resolved [org.springframework.web.server.ResponseStatusException: 404 NOT_FOUND "전사 결과를 찾을 수 없습니다."]
2026-01-07T17:42:57.410+09:00  WARN 23972 --- [polytech-lms-api] [nio-8081-exec-4] .w.s.m.a.ResponseStatusExceptionResolver : Resolved [org.springframework.web.server.ResponseStatusException: 404 NOT_FOUND "전사 결과를 찾을 수 없습니다."]
2026-01-07T17:42:57.626+09:00  WARN 23972 --- [polytech-lms-api] [nio-8081-exec-5] .w.s.m.a.ResponseStatusExceptionResolver : Resolved [org.springframework.web.server.ResponseStatusException: 404 NOT_FOUND "전사 결과를 찾을 수 없습니다."]
2026-01-07T17:42:57.844+09:00  WARN 23972 --- [polytech-lms-api] [nio-8081-exec-7] .w.s.m.a.ResponseStatusExceptionResolver : Resolved [org.springframework.web.server.ResponseStatusException: 404 NOT_FOUND "전사 결과를 찾을 수 없습니다."]
2026-01-07T17:42:58.062+09:00  WARN 23972 --- [polytech-lms-api] [nio-8081-exec-6] .w.s.m.a.ResponseStatusExceptionResolver : Resolved [org.springframework.web.server.ResponseStatusException: 404 NOT_FOUND "전사 결과를 찾을 수 없습니다."]
2026-01-07T17:42:58.281+09:00  WARN 23972 --- [polytech-lms-api] [nio-8081-exec-8] .w.s.m.a.ResponseStatusExceptionResolver : Resolved [org.springframework.web.server.ResponseStatusException: 404 NOT_FOUND "전사 결과를 찾을 수 없습니다."]
2026-01-07T17:42:58.498+09:00  WARN 23972 --- [polytech-lms-api] [nio-8081-exec-9] .w.s.m.a.ResponseStatusExceptionResolver : Resolved [org.springframework.web.server.ResponseStatusException: 404 NOT_FOUND "전사 결과를 찾을 수 없습니다."]
2026-01-07T17:42:58.718+09:00  WARN 23972 --- [polytech-lms-api] [io-8081-exec-10] .w.s.m.a.ResponseStatusExceptionResolver : Resolved [org.springframework.web.server.ResponseStatusException: 404 NOT_FOUND "전사 결과를 찾을 수 없습니다."]
2026-01-07T17:42:58.934+09:00  WARN 23972 --- [polytech-lms-api] [nio-8081-exec-1] .w.s.m.a.ResponseStatusExceptionResolver : Resolved [org.springframework.web.server.ResponseStatusException: 404 NOT_FOUND "전사 결과를 찾을 수 없습니다."]
2026-01-07T17:42:59.153+09:00  WARN 23972 --- [polytech-lms-api] [nio-8081-exec-2] .w.s.m.a.ResponseStatusExceptionResolver : Resolved [org.springframework.web.server.ResponseStatusException: 404 NOT_FOUND "전사 결과를 찾을 수 없습니다."]
2026-01-07T17:42:59.368+09:00  WARN 23972 --- [polytech-lms-api] [nio-8081-exec-3] .w.s.m.a.ResponseStatusExceptionResolver : Resolved [org.springframework.web.server.ResponseStatusException: 404 NOT_FOUND "전사 결과를 찾을 수 없습니다."]
2026-01-07T17:42:59.584+09:00  WARN 23972 --- [polytech-lms-api] [nio-8081-exec-4] .w.s.m.a.ResponseStatusExceptionResolver : Resolved [org.springframework.web.server.ResponseStatusException: 404 NOT_FOUND "전사 결과를 찾을 수 없습니다."]
2026-01-07T17:42:59.803+09:00  WARN 23972 --- [polytech-lms-api] [nio-8081-exec-5] .w.s.m.a.ResponseStatusExceptionResolver : Resolved [org.springframework.web.server.ResponseStatusException: 404 NOT_FOUND "전사 결과를 찾을 수 없습니다."]
2026-01-07T17:43:00.022+09:00  WARN 23972 --- [polytech-lms-api] [nio-8081-exec-7] .w.s.m.a.ResponseStatusExceptionResolver : Resolved [org.springframework.web.server.ResponseStatusException: 404 NOT_FOUND "전사 결과를 찾을 수 없습니다."]
2026-01-07T17:43:00.239+09:00  WARN 23972 --- [polytech-lms-api] [nio-8081-exec-6] .w.s.m.a.ResponseStatusExceptionResolver : Resolved [org.springframework.web.server.ResponseStatusException: 404 NOT_FOUND "전사 결과를 찾을 수 없습니다."]
2026-01-07T17:43:00.457+09:00  WARN 23972 --- [polytech-lms-api] [nio-8081-exec-8] .w.s.m.a.ResponseStatusExceptionResolver : Resolved [org.springframework.web.server.ResponseStatusException: 404 NOT_FOUND "전사 결과를 찾을 수 없습니다."]
2026-01-07T17:43:00.673+09:00  WARN 23972 --- [polytech-lms-api] [nio-8081-exec-9] .w.s.m.a.ResponseStatusExceptionResolver : Resolved [org.springframework.web.server.ResponseStatusException: 404 NOT_FOUND "전사 결과를 찾을 수 없습니다."]
2026-01-07T17:43:00.892+09:00  WARN 23972 --- [polytech-lms-api] [io-8081-exec-10] .w.s.m.a.ResponseStatusExceptionResolver : Resolved [org.springframework.web.server.ResponseStatusException: 404 NOT_FOUND "전사 결과를 찾을 수 없습니다."]
2026-01-07T17:43:01.110+09:00  WARN 23972 --- [polytech-lms-api] [nio-8081-exec-1] .w.s.m.a.ResponseStatusExceptionResolver : Resolved [org.springframework.web.server.ResponseStatusException: 404 NOT_FOUND "전사 결과를 찾을 수 없습니다."]
2026-01-07T17:43:01.330+09:00  WARN 23972 --- [polytech-lms-api] [nio-8081-exec-2] .w.s.m.a.ResponseStatusExceptionResolver : Resolved [org.springframework.web.server.ResponseStatusException: 404 NOT_FOUND "전사 결과를 찾을 수 없습니다."]
2026-01-07T17:43:01.550+09:00  WARN 23972 --- [polytech-lms-api] [nio-8081-exec-3] .w.s.m.a.ResponseStatusExceptionResolver : Resolved [org.springframework.web.server.ResponseStatusException: 404 NOT_FOUND "전사 결과를 찾을 수 없습니다."]
2026-01-07T17:43:01.768+09:00  WARN 23972 --- [polytech-lms-api] [nio-8081-exec-4] .w.s.m.a.ResponseStatusExceptionResolver : Resolved [org.springframework.web.server.ResponseStatusException: 404 NOT_FOUND "전사 결과를 찾을 수 없습니다."]
2026-01-07T17:43:01.984+09:00  WARN 23972 --- [polytech-lms-api] [nio-8081-exec-5] .w.s.m.a.ResponseStatusExceptionResolver : Resolved [org.springframework.web.server.ResponseStatusException: 404 NOT_FOUND "전사 결과를 찾을 수 없습니다."]
2026-01-07T17:43:02.202+09:00  WARN 23972 --- [polytech-lms-api] [nio-8081-exec-7] .w.s.m.a.ResponseStatusExceptionResolver : Resolved [org.springframework.web.server.ResponseStatusException: 404 NOT_FOUND "전사 결과를 찾을 수 없습니다."]
2026-01-07T17:43:02.419+09:00  WARN 23972 --- [polytech-lms-api] [nio-8081-exec-6] .w.s.m.a.ResponseStatusExceptionResolver : Resolved [org.springframework.web.server.ResponseStatusException: 404 NOT_FOUND "전사 결과를 찾을 수 없습니다."]
2026-01-07T17:43:02.639+09:00  WARN 23972 --- [polytech-lms-api] [nio-8081-exec-8] .w.s.m.a.ResponseStatusExceptionResolver : Resolved [org.springframework.web.server.ResponseStatusException: 404 NOT_FOUND "전사 결과를 찾을 수 없습니다."]
2026-01-07T17:43:02.857+09:00  WARN 23972 --- [polytech-lms-api] [nio-8081-exec-9] .w.s.m.a.ResponseStatusExceptionResolver : Resolved [org.springframework.web.server.ResponseStatusException: 404 NOT_FOUND "전사 결과를 찾을 수 없습니다."]
2026-01-07T17:43:03.075+09:00  WARN 23972 --- [polytech-lms-api] [io-8081-exec-10] .w.s.m.a.ResponseStatusExceptionResolver : Resolved [org.springframework.web.server.ResponseStatusException: 404 NOT_FOUND "전사 결과를 찾을 수 없습니다."]
2026-01-07T17:43:40.421+09:00  WARN 23972 --- [polytech-lms-api] [nio-8081-exec-4] .w.s.m.a.ResponseStatusExceptionResolver : Resolved [org.springframework.web.server.ResponseStatusException: 404 NOT_FOUND "전사 결과를 찾을 수 없습니다."]
2026-01-07T17:43:40.437+09:00  WARN 23972 --- [polytech-lms-api] [nio-8081-exec-5] .w.s.m.a.ResponseStatusExceptionResolver : Resolved [org.springframework.web.server.ResponseStatusException: 404 NOT_FOUND "전사 결과를 찾을 수 없습니다."]
2026-01-07T17:43:40.441+09:00  WARN 23972 --- [polytech-lms-api] [nio-8081-exec-7] .w.s.m.a.ResponseStatusExceptionResolver : Resolved [org.springframework.web.server.ResponseStatusException: 404 NOT_FOUND "전사 결과를 찾을 수 없습니다."]
2026-01-07T17:43:40.447+09:00  WARN 23972 --- [polytech-lms-api] [nio-8081-exec-6] .w.s.m.a.ResponseStatusExceptionResolver : Resolved [org.springframework.web.server.ResponseStatusException: 404 NOT_FOUND "전사 결과를 찾을 수 없습니다."]
2026-01-07T17:43:40.450+09:00  WARN 23972 --- [polytech-lms-api] [nio-8081-exec-8] .w.s.m.a.ResponseStatusExceptionResolver : Resolved [org.springframework.web.server.ResponseStatusException: 404 NOT_FOUND "전사 결과를 찾을 수 없습니다."]
2026-01-07T17:43:40.453+09:00  WARN 23972 --- [polytech-lms-api] [nio-8081-exec-9] .w.s.m.a.ResponseStatusExceptionResolver : Resolved [org.springframework.web.server.ResponseStatusException: 404 NOT_FOUND "전사 결과를 찾을 수 없습니다."]
2026-01-07T17:43:40.457+09:00  WARN 23972 --- [polytech-lms-api] [io-8081-exec-10] .w.s.m.a.ResponseStatusExceptionResolver : Resolved [org.springframework.web.server.ResponseStatusException: 404 NOT_FOUND "전사 결과를 찾을 수 없습니다."]
2026-01-07T17:43:40.460+09:00  WARN 23972 --- [polytech-lms-api] [nio-8081-exec-1] .w.s.m.a.ResponseStatusExceptionResolver : Resolved [org.springframework.web.server.ResponseStatusException: 404 NOT_FOUND "전사 결과를 찾을 수 없습니다."]
2026-01-07T17:43:40.465+09:00  WARN 23972 --- [polytech-lms-api] [nio-8081-exec-2] .w.s.m.a.ResponseStatusExceptionResolver : Resolved [org.springframework.web.server.ResponseStatusException: 404 NOT_FOUND "전사 결과를 찾을 수 없습니다."]
2026-01-07T17:43:40.480+09:00  WARN 23972 --- [polytech-lms-api] [nio-8081-exec-3] .w.s.m.a.ResponseStatusExceptionResolver : Resolved [org.springframework.web.server.ResponseStatusException: 404 NOT_FOUND "전사 결과를 찾을 수 없습니다."]
2026-01-07T17:43:40.483+09:00  WARN 23972 --- [polytech-lms-api] [nio-8081-exec-4] .w.s.m.a.ResponseStatusExceptionResolver : Resolved [org.springframework.web.server.ResponseStatusException: 404 NOT_FOUND "전사 결과를 찾을 수 없습니다."]
2026-01-07T17:43:40.487+09:00  WARN 23972 --- [polytech-lms-api] [nio-8081-exec-5] .w.s.m.a.ResponseStatusExceptionResolver : Resolved [org.springframework.web.server.ResponseStatusException: 404 NOT_FOUND "전사 결과를 찾을 수 없습니다."]
2026-01-07T17:43:40.491+09:00  WARN 23972 --- [polytech-lms-api] [nio-8081-exec-7] .w.s.m.a.ResponseStatusExceptionResolver : Resolved [org.springframework.web.server.ResponseStatusException: 404 NOT_FOUND "전사 결과를 찾을 수 없습니다."]
2026-01-07T17:43:40.495+09:00  WARN 23972 --- [polytech-lms-api] [nio-8081-exec-6] .w.s.m.a.ResponseStatusExceptionResolver : Resolved [org.springframework.web.server.ResponseStatusException: 404 NOT_FOUND "전사 결과를 찾을 수 없습니다."]
2026-01-07T17:43:40.498+09:00  WARN 23972 --- [polytech-lms-api] [nio-8081-exec-8] .w.s.m.a.ResponseStatusExceptionResolver : Resolved [org.springframework.web.server.ResponseStatusException: 404 NOT_FOUND "전사 결과를 찾을 수 없습니다."]
2026-01-07T17:43:40.501+09:00  WARN 23972 --- [polytech-lms-api] [nio-8081-exec-9] .w.s.m.a.ResponseStatusExceptionResolver : Resolved [org.springframework.web.server.ResponseStatusException: 404 NOT_FOUND "전사 결과를 찾을 수 없습니다."]
2026-01-07T17:43:40.504+09:00  WARN 23972 --- [polytech-lms-api] [io-8081-exec-10] .w.s.m.a.ResponseStatusExceptionResolver : Resolved [org.springframework.web.server.ResponseStatusException: 404 NOT_FOUND "전사 결과를 찾을 수 없습니다."]
2026-01-07T17:43:40.508+09:00  WARN 23972 --- [polytech-lms-api] [nio-8081-exec-1] .w.s.m.a.ResponseStatusExceptionResolver : Resolved [org.springframework.web.server.ResponseStatusException: 404 NOT_FOUND "전사 결과를 찾을 수 없습니다."]
2026-01-07T17:43:40.512+09:00  WARN 23972 --- [polytech-lms-api] [nio-8081-exec-2] .w.s.m.a.ResponseStatusExceptionResolver : Resolved [org.springframework.web.server.ResponseStatusException: 404 NOT_FOUND "전사 결과를 찾을 수 없습니다."]
2026-01-07T17:43:40.516+09:00  WARN 23972 --- [polytech-lms-api] [nio-8081-exec-3] .w.s.m.a.ResponseStatusExceptionResolver : Resolved [org.springframework.web.server.ResponseStatusException: 404 NOT_FOUND "전사 결과를 찾을 수 없습니다."]
2026-01-07T17:44:01.143+09:00  WARN 23972 --- [polytech-lms-api] [nio-8081-exec-6] .w.s.m.a.ResponseStatusExceptionResolver : Resolved [org.springframework.web.server.ResponseStatusException: 404 NOT_FOUND "전사 결과를 찾을 수 없습니다."]
2026-01-07T17:44:01.157+09:00  WARN 23972 --- [polytech-lms-api] [nio-8081-exec-8] .w.s.m.a.ResponseStatusExceptionResolver : Resolved [org.springframework.web.server.ResponseStatusException: 404 NOT_FOUND "전사 결과를 찾을 수 없습니다."]
2026-01-07T17:44:01.162+09:00  WARN 23972 --- [polytech-lms-api] [nio-8081-exec-9] .w.s.m.a.ResponseStatusExceptionResolver : Resolved [org.springframework.web.server.ResponseStatusException: 404 NOT_FOUND "전사 결과를 찾을 수 없습니다."]
2026-01-07T17:44:01.165+09:00  WARN 23972 --- [polytech-lms-api] [io-8081-exec-10] .w.s.m.a.ResponseStatusExceptionResolver : Resolved [org.springframework.web.server.ResponseStatusException: 404 NOT_FOUND "전사 결과를 찾을 수 없습니다."]
2026-01-07T17:44:01.169+09:00  WARN 23972 --- [polytech-lms-api] [nio-8081-exec-1] .w.s.m.a.ResponseStatusExceptionResolver : Resolved [org.springframework.web.server.ResponseStatusException: 404 NOT_FOUND "전사 결과를 찾을 수 없습니다."]
2026-01-07T17:44:01.173+09:00  WARN 23972 --- [polytech-lms-api] [nio-8081-exec-2] .w.s.m.a.ResponseStatusExceptionResolver : Resolved [org.springframework.web.server.ResponseStatusException: 404 NOT_FOUND "전사 결과를 찾을 수 없습니다."]
2026-01-07T17:44:01.178+09:00  WARN 23972 --- [polytech-lms-api] [nio-8081-exec-3] .w.s.m.a.ResponseStatusExceptionResolver : Resolved [org.springframework.web.server.ResponseStatusException: 404 NOT_FOUND "전사 결과를 찾을 수 없습니다."]
2026-01-07T17:44:01.181+09:00  WARN 23972 --- [polytech-lms-api] [nio-8081-exec-4] .w.s.m.a.ResponseStatusExceptionResolver : Resolved [org.springframework.web.server.ResponseStatusException: 404 NOT_FOUND "전사 결과를 찾을 수 없습니다."]
2026-01-07T17:44:01.184+09:00  WARN 23972 --- [polytech-lms-api] [nio-8081-exec-5] .w.s.m.a.ResponseStatusExceptionResolver : Resolved [org.springframework.web.server.ResponseStatusException: 404 NOT_FOUND "전사 결과를 찾을 수 없습니다."]
2026-01-07T17:44:01.187+09:00  WARN 23972 --- [polytech-lms-api] [nio-8081-exec-7] .w.s.m.a.ResponseStatusExceptionResolver : Resolved [org.springframework.web.server.ResponseStatusException: 404 NOT_FOUND "전사 결과를 찾을 수 없습니다."]
2026-01-07T17:44:01.190+09:00  WARN 23972 --- [polytech-lms-api] [nio-8081-exec-6] .w.s.m.a.ResponseStatusExceptionResolver : Resolved [org.springframework.web.server.ResponseStatusException: 404 NOT_FOUND "전사 결과를 찾을 수 없습니다."]
2026-01-07T17:44:01.193+09:00  WARN 23972 --- [polytech-lms-api] [nio-8081-exec-8] .w.s.m.a.ResponseStatusExceptionResolver : Resolved [org.springframework.web.server.ResponseStatusException: 404 NOT_FOUND "전사 결과를 찾을 수 없습니다."]
2026-01-07T17:44:01.207+09:00  WARN 23972 --- [polytech-lms-api] [nio-8081-exec-9] .w.s.m.a.ResponseStatusExceptionResolver : Resolved [org.springframework.web.server.ResponseStatusException: 404 NOT_FOUND "전사 결과를 찾을 수 없습니다."]
2026-01-07T17:44:01.211+09:00  WARN 23972 --- [polytech-lms-api] [io-8081-exec-10] .w.s.m.a.ResponseStatusExceptionResolver : Resolved [org.springframework.web.server.ResponseStatusException: 404 NOT_FOUND "전사 결과를 찾을 수 없습니다."]
2026-01-07T17:44:01.215+09:00  WARN 23972 --- [polytech-lms-api] [nio-8081-exec-1] .w.s.m.a.ResponseStatusExceptionResolver : Resolved [org.springframework.web.server.ResponseStatusException: 404 NOT_FOUND "전사 결과를 찾을 수 없습니다."]
2026-01-07T17:44:01.218+09:00  WARN 23972 --- [polytech-lms-api] [nio-8081-exec-2] .w.s.m.a.ResponseStatusExceptionResolver : Resolved [org.springframework.web.server.ResponseStatusException: 404 NOT_FOUND "전사 결과를 찾을 수 없습니다."]
2026-01-07T17:44:01.221+09:00  WARN 23972 --- [polytech-lms-api] [nio-8081-exec-3] .w.s.m.a.ResponseStatusExceptionResolver : Resolved [org.springframework.web.server.ResponseStatusException: 404 NOT_FOUND "전사 결과를 찾을 수 없습니다."]
2026-01-07T17:44:01.225+09:00  WARN 23972 --- [polytech-lms-api] [nio-8081-exec-4] .w.s.m.a.ResponseStatusExceptionResolver : Resolved [org.springframework.web.server.ResponseStatusException: 404 NOT_FOUND "전사 결과를 찾을 수 없습니다."]
2026-01-07T17:44:01.229+09:00  WARN 23972 --- [polytech-lms-api] [nio-8081-exec-5] .w.s.m.a.ResponseStatusExceptionResolver : Resolved [org.springframework.web.server.ResponseStatusException: 404 NOT_FOUND "전사 결과를 찾을 수 없습니다."]
2026-01-07T17:44:01.232+09:00  WARN 23972 --- [polytech-lms-api] [nio-8081-exec-7] .w.s.m.a.ResponseStatusExceptionResolver : Resolved [org.springframework.web.server.ResponseStatusException: 404 NOT_FOUND "전사 결과를 찾을 수 없습니다."]
2026-01-07T17:44:49.480+09:00  WARN 23972 --- [polytech-lms-api] [nio-8081-exec-1] .w.s.m.a.ResponseStatusExceptionResolver : Resolved [org.springframework.web.server.ResponseStatusException: 404 NOT_FOUND "전사 결과를 찾을 수 없습니다."]
2026-01-07T17:44:49.491+09:00  WARN 23972 --- [polytech-lms-api] [nio-8081-exec-2] .w.s.m.a.ResponseStatusExceptionResolver : Resolved [org.springframework.web.server.ResponseStatusException: 404 NOT_FOUND "전사 결과를 찾을 수 없습니다."]
2026-01-07T17:44:49.496+09:00  WARN 23972 --- [polytech-lms-api] [nio-8081-exec-3] .w.s.m.a.ResponseStatusExceptionResolver : Resolved [org.springframework.web.server.ResponseStatusException: 404 NOT_FOUND "전사 결과를 찾을 수 없습니다."]
2026-01-07T17:44:49.500+09:00  WARN 23972 --- [polytech-lms-api] [nio-8081-exec-4] .w.s.m.a.ResponseStatusExceptionResolver : Resolved [org.springframework.web.server.ResponseStatusException: 404 NOT_FOUND "전사 결과를 찾을 수 없습니다."]
2026-01-07T17:44:49.503+09:00  WARN 23972 --- [polytech-lms-api] [nio-8081-exec-5] .w.s.m.a.ResponseStatusExceptionResolver : Resolved [org.springframework.web.server.ResponseStatusException: 404 NOT_FOUND "전사 결과를 찾을 수 없습니다."]
2026-01-07T17:44:49.507+09:00  WARN 23972 --- [polytech-lms-api] [nio-8081-exec-7] .w.s.m.a.ResponseStatusExceptionResolver : Resolved [org.springframework.web.server.ResponseStatusException: 404 NOT_FOUND "전사 결과를 찾을 수 없습니다."]
2026-01-07T17:44:49.520+09:00  WARN 23972 --- [polytech-lms-api] [nio-8081-exec-6] .w.s.m.a.ResponseStatusExceptionResolver : Resolved [org.springframework.web.server.ResponseStatusException: 404 NOT_FOUND "전사 결과를 찾을 수 없습니다."]
2026-01-07T17:44:49.523+09:00  WARN 23972 --- [polytech-lms-api] [nio-8081-exec-8] .w.s.m.a.ResponseStatusExceptionResolver : Resolved [org.springframework.web.server.ResponseStatusException: 404 NOT_FOUND "전사 결과를 찾을 수 없습니다."]
2026-01-07T17:44:49.527+09:00  WARN 23972 --- [polytech-lms-api] [nio-8081-exec-9] .w.s.m.a.ResponseStatusExceptionResolver : Resolved [org.springframework.web.server.ResponseStatusException: 404 NOT_FOUND "전사 결과를 찾을 수 없습니다."]
2026-01-07T17:44:49.530+09:00  WARN 23972 --- [polytech-lms-api] [io-8081-exec-10] .w.s.m.a.ResponseStatusExceptionResolver : Resolved [org.springframework.web.server.ResponseStatusException: 404 NOT_FOUND "전사 결과를 찾을 수 없습니다."]
2026-01-07T17:45:12.271+09:00  WARN 23972 --- [polytech-lms-api] [nio-8081-exec-4] .w.s.m.a.ResponseStatusExceptionResolver : Resolved [org.springframework.web.server.ResponseStatusException: 404 NOT_FOUND "전사 결과를 찾을 수 없습니다."]
2026-01-07T17:45:59.956+09:00  WARN 23972 --- [polytech-lms-api] [nio-8081-exec-2] .w.s.m.a.ResponseStatusExceptionResolver : Resolved [org.springframework.web.server.ResponseStatusException: 404 NOT_FOUND "전사 결과를 찾을 수 없습니다."]
2026-01-07T17:45:59.971+09:00  WARN 23972 --- [polytech-lms-api] [nio-8081-exec-3] .w.s.m.a.ResponseStatusExceptionResolver : Resolved [org.springframework.web.server.ResponseStatusException: 404 NOT_FOUND "전사 결과를 찾을 수 없습니다."]
2026-01-07T17:45:59.974+09:00  WARN 23972 --- [polytech-lms-api] [nio-8081-exec-4] .w.s.m.a.ResponseStatusExceptionResolver : Resolved [org.springframework.web.server.ResponseStatusException: 404 NOT_FOUND "전사 결과를 찾을 수 없습니다."]
2026-01-07T17:45:59.979+09:00  WARN 23972 --- [polytech-lms-api] [nio-8081-exec-5] .w.s.m.a.ResponseStatusExceptionResolver : Resolved [org.springframework.web.server.ResponseStatusException: 404 NOT_FOUND "전사 결과를 찾을 수 없습니다."]
2026-01-07T17:45:59.981+09:00  WARN 23972 --- [polytech-lms-api] [nio-8081-exec-7] .w.s.m.a.ResponseStatusExceptionResolver : Resolved [org.springframework.web.server.ResponseStatusException: 404 NOT_FOUND "전사 결과를 찾을 수 없습니다."]
2026-01-07T17:45:59.986+09:00  WARN 23972 --- [polytech-lms-api] [nio-8081-exec-6] .w.s.m.a.ResponseStatusExceptionResolver : Resolved [org.springframework.web.server.ResponseStatusException: 404 NOT_FOUND "전사 결과를 찾을 수 없습니다."]
2026-01-07T17:45:59.989+09:00  WARN 23972 --- [polytech-lms-api] [nio-8081-exec-8] .w.s.m.a.ResponseStatusExceptionResolver : Resolved [org.springframework.web.server.ResponseStatusException: 404 NOT_FOUND "전사 결과를 찾을 수 없습니다."]
2026-01-07T17:45:59.991+09:00  WARN 23972 --- [polytech-lms-api] [nio-8081-exec-9] .w.s.m.a.ResponseStatusExceptionResolver : Resolved [org.springframework.web.server.ResponseStatusException: 404 NOT_FOUND "전사 결과를 찾을 수 없습니다."]
2026-01-07T17:45:59.995+09:00  WARN 23972 --- [polytech-lms-api] [io-8081-exec-10] .w.s.m.a.ResponseStatusExceptionResolver : Resolved [org.springframework.web.server.ResponseStatusException: 404 NOT_FOUND "전사 결과를 찾을 수 없습니다."]
2026-01-07T17:45:59.998+09:00  WARN 23972 --- [polytech-lms-api] [nio-8081-exec-1] .w.s.m.a.ResponseStatusExceptionResolver : Resolved [org.springframework.web.server.ResponseStatusException: 404 NOT_FOUND "전사 결과를 찾을 수 없습니다."]
2026-01-07T17:46:00.001+09:00  WARN 23972 --- [polytech-lms-api] [nio-8081-exec-2] .w.s.m.a.ResponseStatusExceptionResolver : Resolved [org.springframework.web.server.ResponseStatusException: 404 NOT_FOUND "전사 결과를 찾을 수 없습니다."]
2026-01-07T17:46:00.006+09:00  WARN 23972 --- [polytech-lms-api] [nio-8081-exec-3] .w.s.m.a.ResponseStatusExceptionResolver : Resolved [org.springframework.web.server.ResponseStatusException: 404 NOT_FOUND "전사 결과를 찾을 수 없습니다."]
2026-01-07T17:46:00.021+09:00  WARN 23972 --- [polytech-lms-api] [nio-8081-exec-4] .w.s.m.a.ResponseStatusExceptionResolver : Resolved [org.springframework.web.server.ResponseStatusException: 404 NOT_FOUND "전사 결과를 찾을 수 없습니다."]
2026-01-07T17:46:00.025+09:00  WARN 23972 --- [polytech-lms-api] [nio-8081-exec-5] .w.s.m.a.ResponseStatusExceptionResolver : Resolved [org.springframework.web.server.ResponseStatusException: 404 NOT_FOUND "전사 결과를 찾을 수 없습니다."]
2026-01-07T17:46:00.027+09:00  WARN 23972 --- [polytech-lms-api] [nio-8081-exec-7] .w.s.m.a.ResponseStatusExceptionResolver : Resolved [org.springframework.web.server.ResponseStatusException: 404 NOT_FOUND "전사 결과를 찾을 수 없습니다."]
2026-01-07T17:46:00.029+09:00  WARN 23972 --- [polytech-lms-api] [nio-8081-exec-6] .w.s.m.a.ResponseStatusExceptionResolver : Resolved [org.springframework.web.server.ResponseStatusException: 404 NOT_FOUND "전사 결과를 찾을 수 없습니다."]
2026-01-07T17:46:00.034+09:00  WARN 23972 --- [polytech-lms-api] [nio-8081-exec-8] .w.s.m.a.ResponseStatusExceptionResolver : Resolved [org.springframework.web.server.ResponseStatusException: 404 NOT_FOUND "전사 결과를 찾을 수 없습니다."]
2026-01-07T17:46:00.039+09:00  WARN 23972 --- [polytech-lms-api] [nio-8081-exec-9] .w.s.m.a.ResponseStatusExceptionResolver : Resolved [org.springframework.web.server.ResponseStatusException: 404 NOT_FOUND "전사 결과를 찾을 수 없습니다."]
2026-01-07T17:46:00.042+09:00  WARN 23972 --- [polytech-lms-api] [io-8081-exec-10] .w.s.m.a.ResponseStatusExceptionResolver : Resolved [org.springframework.web.server.ResponseStatusException: 404 NOT_FOUND "전사 결과를 찾을 수 없습니다."]
2026-01-07T17:46:00.045+09:00  WARN 23972 --- [polytech-lms-api] [nio-8081-exec-1] .w.s.m.a.ResponseStatusExceptionResolver : Resolved [org.springframework.web.server.ResponseStatusException: 404 NOT_FOUND "전사 결과를 찾을 수 없습니다."]
2026-01-07T17:46:14.531+09:00  WARN 23972 --- [polytech-lms-api] [nio-8081-exec-5] .w.s.m.a.ResponseStatusExceptionResolver : Resolved [org.springframework.web.server.ResponseStatusException: 404 NOT_FOUND "전사 결과를 찾을 수 없습니다."]
2026-01-07T17:46:14.547+09:00  WARN 23972 --- [polytech-lms-api] [nio-8081-exec-7] .w.s.m.a.ResponseStatusExceptionResolver : Resolved [org.springframework.web.server.ResponseStatusException: 404 NOT_FOUND "전사 결과를 찾을 수 없습니다."]
2026-01-07T17:46:14.550+09:00  WARN 23972 --- [polytech-lms-api] [nio-8081-exec-6] .w.s.m.a.ResponseStatusExceptionResolver : Resolved [org.springframework.web.server.ResponseStatusException: 404 NOT_FOUND "전사 결과를 찾을 수 없습니다."]
2026-01-07T17:46:14.554+09:00  WARN 23972 --- [polytech-lms-api] [nio-8081-exec-8] .w.s.m.a.ResponseStatusExceptionResolver : Resolved [org.springframework.web.server.ResponseStatusException: 404 NOT_FOUND "전사 결과를 찾을 수 없습니다."]
2026-01-07T17:46:14.558+09:00  WARN 23972 --- [polytech-lms-api] [nio-8081-exec-9] .w.s.m.a.ResponseStatusExceptionResolver : Resolved [org.springframework.web.server.ResponseStatusException: 404 NOT_FOUND "전사 결과를 찾을 수 없습니다."]
2026-01-07T17:46:31.642+09:00  WARN 23972 --- [polytech-lms-api] [nio-8081-exec-1] .w.s.m.a.ResponseStatusExceptionResolver : Resolved [org.springframework.web.server.ResponseStatusException: 404 NOT_FOUND "전사 결과를 찾을 수 없습니다."]
2026-01-07T17:46:38.673+09:00  WARN 23972 --- [polytech-lms-api] [nio-8081-exec-3] .w.s.m.a.ResponseStatusExceptionResolver : Resolved [org.springframework.web.server.ResponseStatusException: 404 NOT_FOUND "전사 결과를 찾을 수 없습니다."]
2026-01-07T17:46:50.489+09:00  WARN 23972 --- [polytech-lms-api] [nio-8081-exec-5] .w.s.m.a.ResponseStatusExceptionResolver : Resolved [org.springframework.web.server.ResponseStatusException: 404 NOT_FOUND "전사 결과를 찾을 수 없습니다."]
2026-01-07T17:46:50.503+09:00  WARN 23972 --- [polytech-lms-api] [nio-8081-exec-7] .w.s.m.a.ResponseStatusExceptionResolver : Resolved [org.springframework.web.server.ResponseStatusException: 404 NOT_FOUND "전사 결과를 찾을 수 없습니다."]
2026-01-07T17:47:33.813+09:00  WARN 23972 --- [polytech-lms-api] [io-8081-exec-10] .w.s.m.a.ResponseStatusExceptionResolver : Resolved [org.springframework.web.server.ResponseStatusException: 404 NOT_FOUND "전사 결과를 찾을 수 없습니다."]
2026-01-07T17:47:33.860+09:00  WARN 23972 --- [polytech-lms-api] [nio-8081-exec-2] .w.s.m.a.ResponseStatusExceptionResolver : Resolved [org.springframework.web.server.ResponseStatusException: 404 NOT_FOUND "전사 결과를 찾을 수 없습니다."]
2026-01-07T17:47:33.872+09:00  WARN 23972 --- [polytech-lms-api] [nio-8081-exec-4] .w.s.m.a.ResponseStatusExceptionResolver : Resolved [org.springframework.web.server.ResponseStatusException: 404 NOT_FOUND "전사 결과를 찾을 수 없습니다."]
2026-01-07T17:47:33.886+09:00  WARN 23972 --- [polytech-lms-api] [nio-8081-exec-7] .w.s.m.a.ResponseStatusExceptionResolver : Resolved [org.springframework.web.server.ResponseStatusException: 404 NOT_FOUND "전사 결과를 찾을 수 없습니다."]
2026-01-07T17:47:33.900+09:00  WARN 23972 --- [polytech-lms-api] [nio-8081-exec-8] .w.s.m.a.ResponseStatusExceptionResolver : Resolved [org.springframework.web.server.ResponseStatusException: 404 NOT_FOUND "전사 결과를 찾을 수 없습니다."]
2026-01-07T17:48:00.124+09:00  WARN 23972 --- [polytech-lms-api] [nio-8081-exec-2] .w.s.m.a.ResponseStatusExceptionResolver : Resolved [org.springframework.web.server.ResponseStatusException: 404 NOT_FOUND "전사 결과를 찾을 수 없습니다."]
2026-01-07T17:48:59.198+09:00  WARN 23972 --- [polytech-lms-api] [nio-8081-exec-4] .w.s.m.a.ResponseStatusExceptionResolver : Resolved [org.springframework.web.server.ResponseStatusException: 404 NOT_FOUND "전사 결과를 찾을 수 없습니다."]
2026-01-07T17:48:59.220+09:00  WARN 23972 --- [polytech-lms-api] [nio-8081-exec-5] .w.s.m.a.ResponseStatusExceptionResolver : Resolved [org.springframework.web.server.ResponseStatusException: 404 NOT_FOUND "전사 결과를 찾을 수 없습니다."]
2026-01-07T17:48:59.225+09:00  WARN 23972 --- [polytech-lms-api] [nio-8081-exec-7] .w.s.m.a.ResponseStatusExceptionResolver : Resolved [org.springframework.web.server.ResponseStatusException: 404 NOT_FOUND "전사 결과를 찾을 수 없습니다."]
