[2025-12-22 16:04:14] at /tutor_0lms/api/dashboard.jsp
{DataSource.jndi} jdbc/malgn (jdbc/malgn)at /tutor_0lms/api/dashboard.jsp
{DataSource.jndi} jdbc/malgn (jdbc/malgn)
[2025-12-22 16:04:14] at /tutor_0lms/api/dashboard.jsp
{DB.getConnection} Cannot invoke "javax.sql.DataSource.getConnection()" because "ds" is null (Cannot invoke "javax.sql.DataSource.getConnection()" because "ds" is null)at /tutor_0lms/api/dashboard.jsp
{DB.getConnection} Cannot invoke "javax.sql.DataSource.getConnection()" because "ds" is null (Cannot invoke "javax.sql.DataSource.getConnection()" because "ds" is null)
[2025-12-22 16:04:14] at /tutor_0lms/api/dashboard.jsp
{DataSource.jndi} jdbc/malgn (jdbc/malgn)at /tutor_0lms/api/dashboard.jsp
{DataSource.jndi} jdbc/malgn (jdbc/malgn)
[2025-12-22 16:04:14] at /tutor_0lms/api/dashboard.jsp
{DB.getConnection} Cannot invoke "javax.sql.DataSource.getConnection()" because "ds" is null (Cannot invoke "javax.sql.DataSource.getConnection()" because "ds" is null)at /tutor_0lms/api/dashboard.jsp
{DB.getConnection} Cannot invoke "javax.sql.DataSource.getConnection()" because "ds" is null (Cannot invoke "javax.sql.DataSource.getConnection()" because "ds" is null)
[2025-12-22 16:04:14] at /tutor_0lms/api/dashboard.jsp
{DataSource.jndi} jdbc/malgn (jdbc/malgn)at /tutor_0lms/api/dashboard.jsp
{DataSource.jndi} jdbc/malgn (jdbc/malgn)
[2025-12-22 16:04:14] at /tutor_0lms/api/dashboard.jsp
{DB.getConnection} Cannot invoke "javax.sql.DataSource.getConnection()" because "ds" is null (Cannot invoke "javax.sql.DataSource.getConnection()" because "ds" is null)at /tutor_0lms/api/dashboard.jsp
{DB.getConnection} Cannot invoke "javax.sql.DataSource.getConnection()" because "ds" is null (Cannot invoke "javax.sql.DataSource.getConnection()" because "ds" is null)
[2025-12-22 16:04:14] at /tutor_0lms/api/dashboard.jsp
{DataSource.jndi} jdbc/malgn (jdbc/malgn)at /tutor_0lms/api/dashboard.jsp
{DataSource.jndi} jdbc/malgn (jdbc/malgn)
[2025-12-22 16:04:14] at /tutor_0lms/api/dashboard.jsp
{DB.getConnection} Cannot invoke "javax.sql.DataSource.getConnection()" because "ds" is null (Cannot invoke "javax.sql.DataSource.getConnection()" because "ds" is null)at /tutor_0lms/api/dashboard.jsp
{DB.getConnection} Cannot invoke "javax.sql.DataSource.getConnection()" because "ds" is null (Cannot invoke "javax.sql.DataSource.getConnection()" because "ds" is null)
[2025-12-22 16:04:14] at /tutor_0lms/api/dashboard.jsp
{DataSource.jndi} jdbc/malgn (jdbc/malgn)at /tutor_0lms/api/dashboard.jsp
{DataSource.jndi} jdbc/malgn (jdbc/malgn)
[2025-12-22 16:04:14] at /tutor_0lms/api/dashboard.jsp
{DB.getConnection} Cannot invoke "javax.sql.DataSource.getConnection()" because "ds" is null (Cannot invoke "javax.sql.DataSource.getConnection()" because "ds" is null)at /tutor_0lms/api/dashboard.jsp
{DB.getConnection} Cannot invoke "javax.sql.DataSource.getConnection()" because "ds" is null (Cannot invoke "javax.sql.DataSource.getConnection()" because "ds" is null)
[2025-12-22 16:04:14] at /tutor_0lms/api/dashboard.jsp
{DataSource.jndi} jdbc/malgn (jdbc/malgn)at /tutor_0lms/api/dashboard.jsp
{DataSource.jndi} jdbc/malgn (jdbc/malgn)
[2025-12-22 16:04:14] at /tutor_0lms/api/dashboard.jsp
{DB.getConnection} Cannot invoke "javax.sql.DataSource.getConnection()" because "ds" is null (Cannot invoke "javax.sql.DataSource.getConnection()" because "ds" is null)at /tutor_0lms/api/dashboard.jsp
{DB.getConnection} Cannot invoke "javax.sql.DataSource.getConnection()" because "ds" is null (Cannot invoke "javax.sql.DataSource.getConnection()" because "ds" is null)
[2025-12-22 16:05:56] at /main/index.jsp
{DataSource.jndi} jdbc/malgn (jdbc/malgn)at /main/index.jsp
{DataSource.jndi} jdbc/malgn (jdbc/malgn)
[2025-12-22 16:05:56] at /main/index.jsp
{DB.getConnection} Cannot invoke "javax.sql.DataSource.getConnection()" because "ds" is null (Cannot invoke "javax.sql.DataSource.getConnection()" because "ds" is null)at /main/index.jsp
{DB.getConnection} Cannot invoke "javax.sql.DataSource.getConnection()" because "ds" is null (Cannot invoke "javax.sql.DataSource.getConnection()" because "ds" is null)
[2025-12-22 16:05:56] at /main/index.jsp
{DataSource.jndi} jdbc/malgn (jdbc/malgn)at /main/index.jsp
{DataSource.jndi} jdbc/malgn (jdbc/malgn)
[2025-12-22 16:05:56] at /main/index.jsp
{DB.getConnection} Cannot invoke "javax.sql.DataSource.getConnection()" because "ds" is null (Cannot invoke "javax.sql.DataSource.getConnection()" because "ds" is null)at /main/index.jsp
{DB.getConnection} Cannot invoke "javax.sql.DataSource.getConnection()" because "ds" is null (Cannot invoke "javax.sql.DataSource.getConnection()" because "ds" is null)
[2025-12-22 16:05:56] at /main/index.jsp
{DataSource.jndi} jdbc/malgn (jdbc/malgn)at /main/index.jsp
{DataSource.jndi} jdbc/malgn (jdbc/malgn)
[2025-12-22 16:05:56] at /main/index.jsp
{DB.getConnection} Cannot invoke "javax.sql.DataSource.getConnection()" because "ds" is null (Cannot invoke "javax.sql.DataSource.getConnection()" because "ds" is null)at /main/index.jsp
{DB.getConnection} Cannot invoke "javax.sql.DataSource.getConnection()" because "ds" is null (Cannot invoke "javax.sql.DataSource.getConnection()" because "ds" is null)
[2025-12-22 16:05:56] at /main/index.jsp
{DataSource.jndi} jdbc/malgn (jdbc/malgn)at /main/index.jsp
{DataSource.jndi} jdbc/malgn (jdbc/malgn)
[2025-12-22 16:05:56] at /main/index.jsp
{DB.getConnection} Cannot invoke "javax.sql.DataSource.getConnection()" because "ds" is null (Cannot invoke "javax.sql.DataSource.getConnection()" because "ds" is null)at /main/index.jsp
{DB.getConnection} Cannot invoke "javax.sql.DataSource.getConnection()" because "ds" is null (Cannot invoke "javax.sql.DataSource.getConnection()" because "ds" is null)
[2025-12-22 16:05:56] at /main/index.jsp
{DataSource.jndi} jdbc/malgn (jdbc/malgn)at /main/index.jsp
{DataSource.jndi} jdbc/malgn (jdbc/malgn)
[2025-12-22 16:05:56] at /main/index.jsp
{DB.getConnection} Cannot invoke "javax.sql.DataSource.getConnection()" because "ds" is null (Cannot invoke "javax.sql.DataSource.getConnection()" because "ds" is null)at /main/index.jsp
{DB.getConnection} Cannot invoke "javax.sql.DataSource.getConnection()" because "ds" is null (Cannot invoke "javax.sql.DataSource.getConnection()" because "ds" is null)
[2025-12-22 16:05:56] at /main/index.jsp
{DataSource.jndi} jdbc/malgn (jdbc/malgn)at /main/index.jsp
{DataSource.jndi} jdbc/malgn (jdbc/malgn)
[2025-12-22 16:05:56] at /main/index.jsp
{DB.getConnection} Cannot invoke "javax.sql.DataSource.getConnection()" because "ds" is null (Cannot invoke "javax.sql.DataSource.getConnection()" because "ds" is null)at /main/index.jsp
{DB.getConnection} Cannot invoke "javax.sql.DataSource.getConnection()" because "ds" is null (Cannot invoke "javax.sql.DataSource.getConnection()" because "ds" is null)
[2025-12-22 16:06:23] at /main/index.jsp
{DataSource.jndi} jdbc/malgn (jdbc/malgn)at /main/index.jsp
{DataSource.jndi} jdbc/malgn (jdbc/malgn)
[2025-12-22 16:06:23] at /main/index.jsp
{DB.getConnection} Cannot invoke "javax.sql.DataSource.getConnection()" because "ds" is null (Cannot invoke "javax.sql.DataSource.getConnection()" because "ds" is null)at /main/index.jsp
{DB.getConnection} Cannot invoke "javax.sql.DataSource.getConnection()" because "ds" is null (Cannot invoke "javax.sql.DataSource.getConnection()" because "ds" is null)
[2025-12-22 16:06:23] at /main/index.jsp
{DataSource.jndi} jdbc/malgn (jdbc/malgn)at /main/index.jsp
{DataSource.jndi} jdbc/malgn (jdbc/malgn)
[2025-12-22 16:06:23] at /main/index.jsp
{DB.getConnection} Cannot invoke "javax.sql.DataSource.getConnection()" because "ds" is null (Cannot invoke "javax.sql.DataSource.getConnection()" because "ds" is null)at /main/index.jsp
{DB.getConnection} Cannot invoke "javax.sql.DataSource.getConnection()" because "ds" is null (Cannot invoke "javax.sql.DataSource.getConnection()" because "ds" is null)
[2025-12-22 16:06:23] at /main/index.jsp
{DataSource.jndi} jdbc/malgn (jdbc/malgn)at /main/index.jsp
{DataSource.jndi} jdbc/malgn (jdbc/malgn)
[2025-12-22 16:06:23] at /main/index.jsp
{DB.getConnection} Cannot invoke "javax.sql.DataSource.getConnection()" because "ds" is null (Cannot invoke "javax.sql.DataSource.getConnection()" because "ds" is null)at /main/index.jsp
{DB.getConnection} Cannot invoke "javax.sql.DataSource.getConnection()" because "ds" is null (Cannot invoke "javax.sql.DataSource.getConnection()" because "ds" is null)
[2025-12-22 16:06:23] at /main/index.jsp
{DataSource.jndi} jdbc/malgn (jdbc/malgn)at /main/index.jsp
{DataSource.jndi} jdbc/malgn (jdbc/malgn)
[2025-12-22 16:06:23] at /main/index.jsp
{DB.getConnection} Cannot invoke "javax.sql.DataSource.getConnection()" because "ds" is null (Cannot invoke "javax.sql.DataSource.getConnection()" because "ds" is null)at /main/index.jsp
{DB.getConnection} Cannot invoke "javax.sql.DataSource.getConnection()" because "ds" is null (Cannot invoke "javax.sql.DataSource.getConnection()" because "ds" is null)
[2025-12-22 16:06:23] at /main/index.jsp
{DataSource.jndi} jdbc/malgn (jdbc/malgn)at /main/index.jsp
{DataSource.jndi} jdbc/malgn (jdbc/malgn)
[2025-12-22 16:06:23] at /main/index.jsp
{DB.getConnection} Cannot invoke "javax.sql.DataSource.getConnection()" because "ds" is null (Cannot invoke "javax.sql.DataSource.getConnection()" because "ds" is null)at /main/index.jsp
{DB.getConnection} Cannot invoke "javax.sql.DataSource.getConnection()" because "ds" is null (Cannot invoke "javax.sql.DataSource.getConnection()" because "ds" is null)
[2025-12-22 16:06:23] at /main/index.jsp
{DataSource.jndi} jdbc/malgn (jdbc/malgn)at /main/index.jsp
{DataSource.jndi} jdbc/malgn (jdbc/malgn)
[2025-12-22 16:06:23] at /main/index.jsp
{DB.getConnection} Cannot invoke "javax.sql.DataSource.getConnection()" because "ds" is null (Cannot invoke "javax.sql.DataSource.getConnection()" because "ds" is null)at /main/index.jsp
{DB.getConnection} Cannot invoke "javax.sql.DataSource.getConnection()" because "ds" is null (Cannot invoke "javax.sql.DataSource.getConnection()" because "ds" is null)
[2025-12-22 16:15:45] at /main/index.jsp
{DataSource.jndi} jdbc/malgn (jdbc/malgn)at /main/index.jsp
{DataSource.jndi} jdbc/malgn (jdbc/malgn)
[2025-12-22 16:15:45] at /main/index.jsp
{DB.getConnection} Cannot invoke "javax.sql.DataSource.getConnection()" because "ds" is null (Cannot invoke "javax.sql.DataSource.getConnection()" because "ds" is null)at /main/index.jsp
{DB.getConnection} Cannot invoke "javax.sql.DataSource.getConnection()" because "ds" is null (Cannot invoke "javax.sql.DataSource.getConnection()" because "ds" is null)
[2025-12-22 16:15:45] at /main/index.jsp
{DataSource.jndi} jdbc/malgn (jdbc/malgn)at /main/index.jsp
{DataSource.jndi} jdbc/malgn (jdbc/malgn)
[2025-12-22 16:15:45] at /main/index.jsp
{DB.getConnection} Cannot invoke "javax.sql.DataSource.getConnection()" because "ds" is null (Cannot invoke "javax.sql.DataSource.getConnection()" because "ds" is null)at /main/index.jsp
{DB.getConnection} Cannot invoke "javax.sql.DataSource.getConnection()" because "ds" is null (Cannot invoke "javax.sql.DataSource.getConnection()" because "ds" is null)
[2025-12-22 16:15:45] at /main/index.jsp
{DataSource.jndi} jdbc/malgn (jdbc/malgn)at /main/index.jsp
{DataSource.jndi} jdbc/malgn (jdbc/malgn)
[2025-12-22 16:15:45] at /main/index.jsp
{DB.getConnection} Cannot invoke "javax.sql.DataSource.getConnection()" because "ds" is null (Cannot invoke "javax.sql.DataSource.getConnection()" because "ds" is null)at /main/index.jsp
{DB.getConnection} Cannot invoke "javax.sql.DataSource.getConnection()" because "ds" is null (Cannot invoke "javax.sql.DataSource.getConnection()" because "ds" is null)
[2025-12-22 16:15:45] at /main/index.jsp
{DataSource.jndi} jdbc/malgn (jdbc/malgn)at /main/index.jsp
{DataSource.jndi} jdbc/malgn (jdbc/malgn)
[2025-12-22 16:15:45] at /main/index.jsp
{DB.getConnection} Cannot invoke "javax.sql.DataSource.getConnection()" because "ds" is null (Cannot invoke "javax.sql.DataSource.getConnection()" because "ds" is null)at /main/index.jsp
{DB.getConnection} Cannot invoke "javax.sql.DataSource.getConnection()" because "ds" is null (Cannot invoke "javax.sql.DataSource.getConnection()" because "ds" is null)
[2025-12-22 16:15:45] at /main/index.jsp
{DataSource.jndi} jdbc/malgn (jdbc/malgn)at /main/index.jsp
{DataSource.jndi} jdbc/malgn (jdbc/malgn)
[2025-12-22 16:15:45] at /main/index.jsp
{DB.getConnection} Cannot invoke "javax.sql.DataSource.getConnection()" because "ds" is null (Cannot invoke "javax.sql.DataSource.getConnection()" because "ds" is null)at /main/index.jsp
{DB.getConnection} Cannot invoke "javax.sql.DataSource.getConnection()" because "ds" is null (Cannot invoke "javax.sql.DataSource.getConnection()" because "ds" is null)
[2025-12-22 16:15:45] at /main/index.jsp
{DataSource.jndi} jdbc/malgn (jdbc/malgn)at /main/index.jsp
{DataSource.jndi} jdbc/malgn (jdbc/malgn)
[2025-12-22 16:15:45] at /main/index.jsp
{DB.getConnection} Cannot invoke "javax.sql.DataSource.getConnection()" because "ds" is null (Cannot invoke "javax.sql.DataSource.getConnection()" because "ds" is null)at /main/index.jsp
{DB.getConnection} Cannot invoke "javax.sql.DataSource.getConnection()" because "ds" is null (Cannot invoke "javax.sql.DataSource.getConnection()" because "ds" is null)
[2025-12-22 16:19:00] at /main/index.jsp
{DataSource.jndi} jdbc/malgn (jdbc/malgn)at /main/index.jsp
{DataSource.jndi} jdbc/malgn (jdbc/malgn)
[2025-12-22 16:19:00] at /main/index.jsp
{DB.getConnection} Cannot invoke "javax.sql.DataSource.getConnection()" because "ds" is null (Cannot invoke "javax.sql.DataSource.getConnection()" because "ds" is null)at /main/index.jsp
{DB.getConnection} Cannot invoke "javax.sql.DataSource.getConnection()" because "ds" is null (Cannot invoke "javax.sql.DataSource.getConnection()" because "ds" is null)
[2025-12-22 16:19:00] at /main/index.jsp
{DataSource.jndi} jdbc/malgn (jdbc/malgn)at /main/index.jsp
{DataSource.jndi} jdbc/malgn (jdbc/malgn)
[2025-12-22 16:19:00] at /main/index.jsp
{DB.getConnection} Cannot invoke "javax.sql.DataSource.getConnection()" because "ds" is null (Cannot invoke "javax.sql.DataSource.getConnection()" because "ds" is null)at /main/index.jsp
{DB.getConnection} Cannot invoke "javax.sql.DataSource.getConnection()" because "ds" is null (Cannot invoke "javax.sql.DataSource.getConnection()" because "ds" is null)
[2025-12-22 16:19:00] at /main/index.jsp
{DataSource.jndi} jdbc/malgn (jdbc/malgn)at /main/index.jsp
{DataSource.jndi} jdbc/malgn (jdbc/malgn)
[2025-12-22 16:19:00] at /main/index.jsp
{DB.getConnection} Cannot invoke "javax.sql.DataSource.getConnection()" because "ds" is null (Cannot invoke "javax.sql.DataSource.getConnection()" because "ds" is null)at /main/index.jsp
{DB.getConnection} Cannot invoke "javax.sql.DataSource.getConnection()" because "ds" is null (Cannot invoke "javax.sql.DataSource.getConnection()" because "ds" is null)
[2025-12-22 16:19:00] at /main/index.jsp
{DataSource.jndi} jdbc/malgn (jdbc/malgn)at /main/index.jsp
{DataSource.jndi} jdbc/malgn (jdbc/malgn)
[2025-12-22 16:19:00] at /main/index.jsp
{DB.getConnection} Cannot invoke "javax.sql.DataSource.getConnection()" because "ds" is null (Cannot invoke "javax.sql.DataSource.getConnection()" because "ds" is null)at /main/index.jsp
{DB.getConnection} Cannot invoke "javax.sql.DataSource.getConnection()" because "ds" is null (Cannot invoke "javax.sql.DataSource.getConnection()" because "ds" is null)
[2025-12-22 16:19:00] at /main/index.jsp
{DataSource.jndi} jdbc/malgn (jdbc/malgn)at /main/index.jsp
{DataSource.jndi} jdbc/malgn (jdbc/malgn)
[2025-12-22 16:19:00] at /main/index.jsp
{DB.getConnection} Cannot invoke "javax.sql.DataSource.getConnection()" because "ds" is null (Cannot invoke "javax.sql.DataSource.getConnection()" because "ds" is null)at /main/index.jsp
{DB.getConnection} Cannot invoke "javax.sql.DataSource.getConnection()" because "ds" is null (Cannot invoke "javax.sql.DataSource.getConnection()" because "ds" is null)
[2025-12-22 16:19:00] at /main/index.jsp
{DataSource.jndi} jdbc/malgn (jdbc/malgn)at /main/index.jsp
{DataSource.jndi} jdbc/malgn (jdbc/malgn)
[2025-12-22 16:19:00] at /main/index.jsp
{DB.getConnection} Cannot invoke "javax.sql.DataSource.getConnection()" because "ds" is null (Cannot invoke "javax.sql.DataSource.getConnection()" because "ds" is null)at /main/index.jsp
{DB.getConnection} Cannot invoke "javax.sql.DataSource.getConnection()" because "ds" is null (Cannot invoke "javax.sql.DataSource.getConnection()" because "ds" is null)
[2025-12-22 16:22:26] 
