[2025-11-11 16:20:51] at /index.jsp
{DB.getConnection} Communications link failure

The last packet sent successfully to the server was 0 milliseconds ago. The driver has not received any packets from the server. (Communications link failure

The last packet sent successfully to the server was 0 milliseconds ago. The driver has not received any packets from the server.)at /index.jsp
{DB.getConnection} Communications link failure

The last packet sent successfully to the server was 0 milliseconds ago. The driver has not received any packets from the server. (Communications link failure

The last packet sent successfully to the server was 0 milliseconds ago. The driver has not received any packets from the server.)
[2025-11-11 16:20:51] at /index.jsp
{DB.getConnection} Communications link failure

The last packet sent successfully to the server was 0 milliseconds ago. The driver has not received any packets from the server. (Communications link failure

The last packet sent successfully to the server was 0 milliseconds ago. The driver has not received any packets from the server.)at /index.jsp
{DB.getConnection} Communications link failure

The last packet sent successfully to the server was 0 milliseconds ago. The driver has not received any packets from the server. (Communications link failure

The last packet sent successfully to the server was 0 milliseconds ago. The driver has not received any packets from the server.)
[2025-11-11 16:20:51] at /index.jsp
{DB.getConnection} Communications link failure

The last packet sent successfully to the server was 0 milliseconds ago. The driver has not received any packets from the server. (Communications link failure

The last packet sent successfully to the server was 0 milliseconds ago. The driver has not received any packets from the server.)at /index.jsp
{DB.getConnection} Communications link failure

The last packet sent successfully to the server was 0 milliseconds ago. The driver has not received any packets from the server. (Communications link failure

The last packet sent successfully to the server was 0 milliseconds ago. The driver has not received any packets from the server.)
[2025-11-11 16:24:29] at /api/test.jsp
{Http.send} Network is down (Network is down)at /api/test.jsp
{Http.send} Network is down (Network is down)
