[2025-10-31 09:40:52] at /main/index.jsp
{DB.getConnection} Communications link failure

The last packet sent successfully to the server was 0 milliseconds ago. The driver has not received any packets from the server. (Communications link failure

The last packet sent successfully to the server was 0 milliseconds ago. The driver has not received any packets from the server.)at /main/index.jsp
{DB.getConnection} Communications link failure

The last packet sent successfully to the server was 0 milliseconds ago. The driver has not received any packets from the server. (Communications link failure

The last packet sent successfully to the server was 0 milliseconds ago. The driver has not received any packets from the server.)
[2025-10-31 09:40:52] at /main/index.jsp
{DB.getConnection} Communications link failure

The last packet sent successfully to the server was 0 milliseconds ago. The driver has not received any packets from the server. (Communications link failure

The last packet sent successfully to the server was 0 milliseconds ago. The driver has not received any packets from the server.)at /main/index.jsp
{DB.getConnection} Communications link failure

The last packet sent successfully to the server was 0 milliseconds ago. The driver has not received any packets from the server. (Communications link failure

The last packet sent successfully to the server was 0 milliseconds ago. The driver has not received any packets from the server.)
[2025-10-31 09:40:52] at /main/index.jsp
{DB.getConnection} Communications link failure

The last packet sent successfully to the server was 0 milliseconds ago. The driver has not received any packets from the server. (Communications link failure

The last packet sent successfully to the server was 0 milliseconds ago. The driver has not received any packets from the server.)at /main/index.jsp
{DB.getConnection} Communications link failure

The last packet sent successfully to the server was 0 milliseconds ago. The driver has not received any packets from the server. (Communications link failure

The last packet sent successfully to the server was 0 milliseconds ago. The driver has not received any packets from the server.)
[2025-10-31 12:28:45] at /api/course_0api.jsp
{DB.getConnection} Communications link failure

The last packet sent successfully to the server was 0 milliseconds ago. The driver has not received any packets from the server. (Communications link failure

The last packet sent successfully to the server was 0 milliseconds ago. The driver has not received any packets from the server.)at /api/course_0api.jsp
{DB.getConnection} Communications link failure

The last packet sent successfully to the server was 0 milliseconds ago. The driver has not received any packets from the server. (Communications link failure

The last packet sent successfully to the server was 0 milliseconds ago. The driver has not received any packets from the server.)
[2025-10-31 12:28:45] at /api/course_0api.jsp
{DB.getConnection} Communications link failure

The last packet sent successfully to the server was 0 milliseconds ago. The driver has not received any packets from the server. (Communications link failure

The last packet sent successfully to the server was 0 milliseconds ago. The driver has not received any packets from the server.)at /api/course_0api.jsp
{DB.getConnection} Communications link failure

The last packet sent successfully to the server was 0 milliseconds ago. The driver has not received any packets from the server. (Communications link failure

The last packet sent successfully to the server was 0 milliseconds ago. The driver has not received any packets from the server.)
[2025-10-31 12:28:45] at /api/course_0api.jsp
{DB.getConnection} Communications link failure

The last packet sent successfully to the server was 0 milliseconds ago. The driver has not received any packets from the server. (Communications link failure

The last packet sent successfully to the server was 0 milliseconds ago. The driver has not received any packets from the server.)at /api/course_0api.jsp
{DB.getConnection} Communications link failure

The last packet sent successfully to the server was 0 milliseconds ago. The driver has not received any packets from the server. (Communications link failure

The last packet sent successfully to the server was 0 milliseconds ago. The driver has not received any packets from the server.)
