[2025-12-22 14:10:58] at /tutor_0lms/api/lesson_0list.jsp
{DB.query}  SELECT a.id, a.lesson_nm title, a.description, a.lesson_type, a.total_time, a.complete_time, a.reg_date, a.content_id  , c.content_nm  , (SELECT COUNT(*) FROM TB_WISHLIST w  WHERE w.user_id = 17 AND w.site_id = 1 AND w.module = 'lesson' AND w.module_id = a.id) is_favorite  FROM LM_LESSON a  LEFT JOIN content c ON c.id = a.content_id AND c.status = 1  WHERE  a.site_id = 1 AND a.status = 1 AND a.use_yn = 'Y'  ORDER BY a.id DESC  => Table 'lms.content' doesn't exist
[] (Table 'lms.content' doesn't exist)at /tutor_0lms/api/lesson_0list.jsp
{DB.query}  SELECT a.id, a.lesson_nm title, a.description, a.lesson_type, a.total_time, a.complete_time, a.reg_date, a.content_id  , c.content_nm  , (SELECT COUNT(*) FROM TB_WISHLIST w  WHERE w.user_id = 17 AND w.site_id = 1 AND w.module = 'lesson' AND w.module_id = a.id) is_favorite  FROM LM_LESSON a  LEFT JOIN content c ON c.id = a.content_id AND c.status = 1  WHERE  a.site_id = 1 AND a.status = 1 AND a.use_yn = 'Y'  ORDER BY a.id DESC  => Table 'lms.content' doesn't exist
[] (Table 'lms.content' doesn't exist)
[2025-12-22 14:11:00] at /tutor_0lms/api/lesson_0list.jsp
{DB.query}  SELECT a.id, a.lesson_nm title, a.description, a.lesson_type, a.total_time, a.complete_time, a.reg_date, a.content_id  , c.content_nm  , (SELECT COUNT(*) FROM TB_WISHLIST w  WHERE w.user_id = 17 AND w.site_id = 1 AND w.module = 'lesson' AND w.module_id = a.id) is_favorite  FROM LM_LESSON a  LEFT JOIN content c ON c.id = a.content_id AND c.status = 1  WHERE  a.site_id = 1 AND a.status = 1 AND a.use_yn = 'Y'  AND a.lesson_type = ?  ORDER BY a.id DESC  => Table 'lms.content' doesn't exist
[01] (Table 'lms.content' doesn't exist)at /tutor_0lms/api/lesson_0list.jsp
{DB.query}  SELECT a.id, a.lesson_nm title, a.description, a.lesson_type, a.total_time, a.complete_time, a.reg_date, a.content_id  , c.content_nm  , (SELECT COUNT(*) FROM TB_WISHLIST w  WHERE w.user_id = 17 AND w.site_id = 1 AND w.module = 'lesson' AND w.module_id = a.id) is_favorite  FROM LM_LESSON a  LEFT JOIN content c ON c.id = a.content_id AND c.status = 1  WHERE  a.site_id = 1 AND a.status = 1 AND a.use_yn = 'Y'  AND a.lesson_type = ?  ORDER BY a.id DESC  => Table 'lms.content' doesn't exist
[01] (Table 'lms.content' doesn't exist)
[2025-12-22 14:11:01] at /tutor_0lms/api/lesson_0list.jsp
{DB.query}  SELECT a.id, a.lesson_nm title, a.description, a.lesson_type, a.total_time, a.complete_time, a.reg_date, a.content_id  , c.content_nm  , (SELECT COUNT(*) FROM TB_WISHLIST w  WHERE w.user_id = 17 AND w.site_id = 1 AND w.module = 'lesson' AND w.module_id = a.id) is_favorite  FROM LM_LESSON a  LEFT JOIN content c ON c.id = a.content_id AND c.status = 1  WHERE  a.site_id = 1 AND a.status = 1 AND a.use_yn = 'Y'  AND a.lesson_type = ?  ORDER BY a.id DESC  => Table 'lms.content' doesn't exist
[03] (Table 'lms.content' doesn't exist)at /tutor_0lms/api/lesson_0list.jsp
{DB.query}  SELECT a.id, a.lesson_nm title, a.description, a.lesson_type, a.total_time, a.complete_time, a.reg_date, a.content_id  , c.content_nm  , (SELECT COUNT(*) FROM TB_WISHLIST w  WHERE w.user_id = 17 AND w.site_id = 1 AND w.module = 'lesson' AND w.module_id = a.id) is_favorite  FROM LM_LESSON a  LEFT JOIN content c ON c.id = a.content_id AND c.status = 1  WHERE  a.site_id = 1 AND a.status = 1 AND a.use_yn = 'Y'  AND a.lesson_type = ?  ORDER BY a.id DESC  => Table 'lms.content' doesn't exist
[03] (Table 'lms.content' doesn't exist)
[2025-12-22 14:11:01] at /tutor_0lms/api/lesson_0list.jsp
{DB.query}  SELECT a.id, a.lesson_nm title, a.description, a.lesson_type, a.total_time, a.complete_time, a.reg_date, a.content_id  , c.content_nm  , (SELECT COUNT(*) FROM TB_WISHLIST w  WHERE w.user_id = 17 AND w.site_id = 1 AND w.module = 'lesson' AND w.module_id = a.id) is_favorite  FROM LM_LESSON a  LEFT JOIN content c ON c.id = a.content_id AND c.status = 1  WHERE  a.site_id = 1 AND a.status = 1 AND a.use_yn = 'Y'  ORDER BY a.id DESC  => Table 'lms.content' doesn't exist
[] (Table 'lms.content' doesn't exist)at /tutor_0lms/api/lesson_0list.jsp
{DB.query}  SELECT a.id, a.lesson_nm title, a.description, a.lesson_type, a.total_time, a.complete_time, a.reg_date, a.content_id  , c.content_nm  , (SELECT COUNT(*) FROM TB_WISHLIST w  WHERE w.user_id = 17 AND w.site_id = 1 AND w.module = 'lesson' AND w.module_id = a.id) is_favorite  FROM LM_LESSON a  LEFT JOIN content c ON c.id = a.content_id AND c.status = 1  WHERE  a.site_id = 1 AND a.status = 1 AND a.use_yn = 'Y'  ORDER BY a.id DESC  => Table 'lms.content' doesn't exist
[] (Table 'lms.content' doesn't exist)
[2025-12-22 14:11:46] at /tutor_0lms/api/lesson_0list.jsp
{DB.query}  SELECT a.id, a.lesson_nm title, a.description, a.lesson_type, a.total_time, a.complete_time, a.reg_date, a.content_id  , c.content_nm  , (SELECT COUNT(*) FROM TB_WISHLIST w  WHERE w.user_id = 17 AND w.site_id = 1 AND w.module = 'lesson' AND w.module_id = a.id) is_favorite  FROM LM_LESSON a  LEFT JOIN content c ON c.id = a.content_id AND c.status = 1  WHERE  a.site_id = 1 AND a.status = 1 AND a.use_yn = 'Y'  ORDER BY a.id DESC  => Table 'lms.content' doesn't exist
[] (Table 'lms.content' doesn't exist)at /tutor_0lms/api/lesson_0list.jsp
{DB.query}  SELECT a.id, a.lesson_nm title, a.description, a.lesson_type, a.total_time, a.complete_time, a.reg_date, a.content_id  , c.content_nm  , (SELECT COUNT(*) FROM TB_WISHLIST w  WHERE w.user_id = 17 AND w.site_id = 1 AND w.module = 'lesson' AND w.module_id = a.id) is_favorite  FROM LM_LESSON a  LEFT JOIN content c ON c.id = a.content_id AND c.status = 1  WHERE  a.site_id = 1 AND a.status = 1 AND a.use_yn = 'Y'  ORDER BY a.id DESC  => Table 'lms.content' doesn't exist
[] (Table 'lms.content' doesn't exist)
[2025-12-22 14:11:48] at /tutor_0lms/api/lesson_0list.jsp
{DB.query}  SELECT a.id, a.lesson_nm title, a.description, a.lesson_type, a.total_time, a.complete_time, a.reg_date, a.content_id  , c.content_nm  , (SELECT COUNT(*) FROM TB_WISHLIST w  WHERE w.user_id = 17 AND w.site_id = 1 AND w.module = 'lesson' AND w.module_id = a.id) is_favorite  FROM LM_LESSON a  LEFT JOIN content c ON c.id = a.content_id AND c.status = 1  WHERE  a.site_id = 1 AND a.status = 1 AND a.use_yn = 'Y'  AND a.lesson_type = ?  ORDER BY a.id DESC  => Table 'lms.content' doesn't exist
[01] (Table 'lms.content' doesn't exist)at /tutor_0lms/api/lesson_0list.jsp
{DB.query}  SELECT a.id, a.lesson_nm title, a.description, a.lesson_type, a.total_time, a.complete_time, a.reg_date, a.content_id  , c.content_nm  , (SELECT COUNT(*) FROM TB_WISHLIST w  WHERE w.user_id = 17 AND w.site_id = 1 AND w.module = 'lesson' AND w.module_id = a.id) is_favorite  FROM LM_LESSON a  LEFT JOIN content c ON c.id = a.content_id AND c.status = 1  WHERE  a.site_id = 1 AND a.status = 1 AND a.use_yn = 'Y'  AND a.lesson_type = ?  ORDER BY a.id DESC  => Table 'lms.content' doesn't exist
[01] (Table 'lms.content' doesn't exist)
[2025-12-22 14:11:49] at /tutor_0lms/api/lesson_0list.jsp
{DB.query}  SELECT a.id, a.lesson_nm title, a.description, a.lesson_type, a.total_time, a.complete_time, a.reg_date, a.content_id  , c.content_nm  , (SELECT COUNT(*) FROM TB_WISHLIST w  WHERE w.user_id = 17 AND w.site_id = 1 AND w.module = 'lesson' AND w.module_id = a.id) is_favorite  FROM LM_LESSON a  LEFT JOIN content c ON c.id = a.content_id AND c.status = 1  WHERE  a.site_id = 1 AND a.status = 1 AND a.use_yn = 'Y'  AND a.lesson_type = ?  ORDER BY a.id DESC  => Table 'lms.content' doesn't exist
[03] (Table 'lms.content' doesn't exist)at /tutor_0lms/api/lesson_0list.jsp
{DB.query}  SELECT a.id, a.lesson_nm title, a.description, a.lesson_type, a.total_time, a.complete_time, a.reg_date, a.content_id  , c.content_nm  , (SELECT COUNT(*) FROM TB_WISHLIST w  WHERE w.user_id = 17 AND w.site_id = 1 AND w.module = 'lesson' AND w.module_id = a.id) is_favorite  FROM LM_LESSON a  LEFT JOIN content c ON c.id = a.content_id AND c.status = 1  WHERE  a.site_id = 1 AND a.status = 1 AND a.use_yn = 'Y'  AND a.lesson_type = ?  ORDER BY a.id DESC  => Table 'lms.content' doesn't exist
[03] (Table 'lms.content' doesn't exist)
[2025-12-22 14:11:50] at /tutor_0lms/api/lesson_0list.jsp
{DB.query}  SELECT a.id, a.lesson_nm title, a.description, a.lesson_type, a.total_time, a.complete_time, a.reg_date, a.content_id  , c.content_nm  , (SELECT COUNT(*) FROM TB_WISHLIST w  WHERE w.user_id = 17 AND w.site_id = 1 AND w.module = 'lesson' AND w.module_id = a.id) is_favorite  FROM LM_LESSON a  LEFT JOIN content c ON c.id = a.content_id AND c.status = 1  WHERE  a.site_id = 1 AND a.status = 1 AND a.use_yn = 'Y'  AND a.lesson_type = ?  ORDER BY a.id DESC  => Table 'lms.content' doesn't exist
[04] (Table 'lms.content' doesn't exist)at /tutor_0lms/api/lesson_0list.jsp
{DB.query}  SELECT a.id, a.lesson_nm title, a.description, a.lesson_type, a.total_time, a.complete_time, a.reg_date, a.content_id  , c.content_nm  , (SELECT COUNT(*) FROM TB_WISHLIST w  WHERE w.user_id = 17 AND w.site_id = 1 AND w.module = 'lesson' AND w.module_id = a.id) is_favorite  FROM LM_LESSON a  LEFT JOIN content c ON c.id = a.content_id AND c.status = 1  WHERE  a.site_id = 1 AND a.status = 1 AND a.use_yn = 'Y'  AND a.lesson_type = ?  ORDER BY a.id DESC  => Table 'lms.content' doesn't exist
[04] (Table 'lms.content' doesn't exist)
[2025-12-22 14:11:50] at /tutor_0lms/api/lesson_0list.jsp
{DB.query}  SELECT a.id, a.lesson_nm title, a.description, a.lesson_type, a.total_time, a.complete_time, a.reg_date, a.content_id  , c.content_nm  , (SELECT COUNT(*) FROM TB_WISHLIST w  WHERE w.user_id = 17 AND w.site_id = 1 AND w.module = 'lesson' AND w.module_id = a.id) is_favorite  FROM LM_LESSON a  LEFT JOIN content c ON c.id = a.content_id AND c.status = 1  WHERE  a.site_id = 1 AND a.status = 1 AND a.use_yn = 'Y'  AND a.lesson_type = ?  ORDER BY a.id DESC  => Table 'lms.content' doesn't exist
[07] (Table 'lms.content' doesn't exist)at /tutor_0lms/api/lesson_0list.jsp
{DB.query}  SELECT a.id, a.lesson_nm title, a.description, a.lesson_type, a.total_time, a.complete_time, a.reg_date, a.content_id  , c.content_nm  , (SELECT COUNT(*) FROM TB_WISHLIST w  WHERE w.user_id = 17 AND w.site_id = 1 AND w.module = 'lesson' AND w.module_id = a.id) is_favorite  FROM LM_LESSON a  LEFT JOIN content c ON c.id = a.content_id AND c.status = 1  WHERE  a.site_id = 1 AND a.status = 1 AND a.use_yn = 'Y'  AND a.lesson_type = ?  ORDER BY a.id DESC  => Table 'lms.content' doesn't exist
[07] (Table 'lms.content' doesn't exist)
[2025-12-22 14:11:51] at /tutor_0lms/api/lesson_0list.jsp
{DB.query}  SELECT a.id, a.lesson_nm title, a.description, a.lesson_type, a.total_time, a.complete_time, a.reg_date, a.content_id  , c.content_nm  , (SELECT COUNT(*) FROM TB_WISHLIST w  WHERE w.user_id = 17 AND w.site_id = 1 AND w.module = 'lesson' AND w.module_id = a.id) is_favorite  FROM LM_LESSON a  LEFT JOIN content c ON c.id = a.content_id AND c.status = 1  WHERE  a.site_id = 1 AND a.status = 1 AND a.use_yn = 'Y'  AND a.lesson_type = ?  ORDER BY a.id DESC  => Table 'lms.content' doesn't exist
[09] (Table 'lms.content' doesn't exist)at /tutor_0lms/api/lesson_0list.jsp
{DB.query}  SELECT a.id, a.lesson_nm title, a.description, a.lesson_type, a.total_time, a.complete_time, a.reg_date, a.content_id  , c.content_nm  , (SELECT COUNT(*) FROM TB_WISHLIST w  WHERE w.user_id = 17 AND w.site_id = 1 AND w.module = 'lesson' AND w.module_id = a.id) is_favorite  FROM LM_LESSON a  LEFT JOIN content c ON c.id = a.content_id AND c.status = 1  WHERE  a.site_id = 1 AND a.status = 1 AND a.use_yn = 'Y'  AND a.lesson_type = ?  ORDER BY a.id DESC  => Table 'lms.content' doesn't exist
[09] (Table 'lms.content' doesn't exist)
[2025-12-22 14:57:14] at /tutor_0lms/api/course_0insert.jsp
{DB.execute} INSERT INTO LM_COURSE (category_id,credit,content1_title,content2,content1,study_sdate,step,manager_id,content2_title,course_type,onoff_type,year,reg_date,lesson_time,request_sdate,id,term,study_edate,course_nm,status,site_id,subject_id,request_edate) VALUES (?,?,?,?,?,?,?,?,?,?,?,?,?,?,?,?,?,?,?,?,?,?,?) => Field 'LESSON_DAY' doesn't have a default value
{category_id=146, credit=0, content1_title=과목소개, content2=, content1=, study_sdate=20251222, step=2, manager_id=17, content2_title=학습목표, course_type=R, onoff_type=N, year=2024, reg_date=20251222145714, lesson_time=0.0, request_sdate=, id=474, term=1, study_edate=20251225, course_nm=dd, status=1, site_id=1, subject_id=0, request_edate=} (Field 'LESSON_DAY' doesn't have a default value)at /tutor_0lms/api/course_0insert.jsp
{DB.execute} INSERT INTO LM_COURSE (category_id,credit,content1_title,content2,content1,study_sdate,step,manager_id,content2_title,course_type,onoff_type,year,reg_date,lesson_time,request_sdate,id,term,study_edate,course_nm,status,site_id,subject_id,request_edate) VALUES (?,?,?,?,?,?,?,?,?,?,?,?,?,?,?,?,?,?,?,?,?,?,?) => Field 'LESSON_DAY' doesn't have a default value
{category_id=146, credit=0, content1_title=과목소개, content2=, content1=, study_sdate=20251222, step=2, manager_id=17, content2_title=학습목표, course_type=R, onoff_type=N, year=2024, reg_date=20251222145714, lesson_time=0.0, request_sdate=, id=474, term=1, study_edate=20251225, course_nm=dd, status=1, site_id=1, subject_id=0, request_edate=} (Field 'LESSON_DAY' doesn't have a default value)
