[2025-12-18 09:54:11] {Template.readFile} path:c:\home\lms\public_html\html\page\certificate.html
[2025-12-18 09:54:17] {Template.readFile} path:c:\home\lms\public_html\html\page\certificate.html
[2025-12-18 12:29:39] at /tutor_0lms/api/course_0info_0update.jsp
{DB.execute} UPDATE LM_COURSE SET content2=?,content1_title=?,content1=?,content2_title=?,mod_date=? WHERE id = 471 AND site_id = 1 AND status != -1 => Unknown column 'mod_date' in 'field list'
{content2=ssdfsd, content1_title=과목소개, content1=, content2_title=학습목표, mod_date=20251218122939} (Unknown column 'mod_date' in 'field list')at /tutor_0lms/api/course_0info_0update.jsp
{DB.execute} UPDATE LM_COURSE SET content2=?,content1_title=?,content1=?,content2_title=?,mod_date=? WHERE id = 471 AND site_id = 1 AND status != -1 => Unknown column 'mod_date' in 'field list'
{content2=ssdfsd, content1_title=과목소개, content1=, content2_title=학습목표, mod_date=20251218122939} (Unknown column 'mod_date' in 'field list')
[2025-12-18 12:29:41] at /tutor_0lms/api/course_0info_0update.jsp
{DB.execute} UPDATE LM_COURSE SET content2=?,content1_title=?,content1=?,content2_title=?,mod_date=? WHERE id = 471 AND site_id = 1 AND status != -1 => Unknown column 'mod_date' in 'field list'
{content2=ssdfsd, content1_title=과목소개, content1=sfsd, content2_title=학습목표, mod_date=20251218122941} (Unknown column 'mod_date' in 'field list')at /tutor_0lms/api/course_0info_0update.jsp
{DB.execute} UPDATE LM_COURSE SET content2=?,content1_title=?,content1=?,content2_title=?,mod_date=? WHERE id = 471 AND site_id = 1 AND status != -1 => Unknown column 'mod_date' in 'field list'
{content2=ssdfsd, content1_title=과목소개, content1=sfsd, content2_title=학습목표, mod_date=20251218122941} (Unknown column 'mod_date' in 'field list')
[2025-12-18 12:29:42] at /tutor_0lms/api/course_0info_0update.jsp
{DB.execute} UPDATE LM_COURSE SET content2=?,content1_title=?,content1=?,content2_title=?,mod_date=? WHERE id = 471 AND site_id = 1 AND status != -1 => Unknown column 'mod_date' in 'field list'
{content2=ssdfsd, content1_title=과목소개, content1=sfsd, content2_title=학습목표, mod_date=20251218122942} (Unknown column 'mod_date' in 'field list')at /tutor_0lms/api/course_0info_0update.jsp
{DB.execute} UPDATE LM_COURSE SET content2=?,content1_title=?,content1=?,content2_title=?,mod_date=? WHERE id = 471 AND site_id = 1 AND status != -1 => Unknown column 'mod_date' in 'field list'
{content2=ssdfsd, content1_title=과목소개, content1=sfsd, content2_title=학습목표, mod_date=20251218122942} (Unknown column 'mod_date' in 'field list')
[2025-12-18 14:40:07] at /sysop/complete/course_0list.jsp
{DB.query} SELECT a.* , (SELECT COUNT(*) FROM LM_COURSE_USER cuu  INNER JOIN TB_USER uu ON cuu.user_id = uu.id  WHERE cuu.course_id = a.id AND cuu.status IN (1,3)  ) user_cnt , (SELECT COUNT(*) FROM LM_COURSE_USER cuc  INNER JOIN TB_USER uc ON cuc.user_id = uc.id  WHERE cuc.course_id = a.id AND cuc.complete_yn = 'Y' AND cuc.status IN (1,3)  ) complete_cnt , (SELECT COUNT(*) FROM LM_COURSE_USER cuc  INNER JOIN TB_USER uc ON cuc.user_id = uc.id  WHERE cuc.course_id = a.id AND cuc.course_yn = 'Y' AND cuc.status IN (1,3)  ) course_cnt , (SELECT COUNT(*) FROM LM_COURSE_USER cuc  INNER JOIN TB_USER uc ON cuc.user_id = uc.id  WHERE cuc.course_id = a.id AND cuc.complete2_yn = 'Y' AND cuc.status IN (1,3)  ) complete2_cnt , (SELECT COUNT(*) FROM LM_COURSE_USER cuc  INNER JOIN TB_USER uc ON cuc.user_id = uc.id  WHERE cuc.course_id = a.id AND cuc.course2_yn = 'Y' AND cuc.status IN (1,3)  ) course2_cnt  FROM LM_COURSE a WHERE a.status != -1 AND a.site_id = 1 AND a.onoff_type != 'P' ORDER BY a.reg_date desc LIMIT 0, 20 => Unknown column 'cuc.course_yn' in 'where clause' (Unknown column 'cuc.course_yn' in 'where clause')at /sysop/complete/course_0list.jsp
{DB.query} SELECT a.* , (SELECT COUNT(*) FROM LM_COURSE_USER cuu  INNER JOIN TB_USER uu ON cuu.user_id = uu.id  WHERE cuu.course_id = a.id AND cuu.status IN (1,3)  ) user_cnt , (SELECT COUNT(*) FROM LM_COURSE_USER cuc  INNER JOIN TB_USER uc ON cuc.user_id = uc.id  WHERE cuc.course_id = a.id AND cuc.complete_yn = 'Y' AND cuc.status IN (1,3)  ) complete_cnt , (SELECT COUNT(*) FROM LM_COURSE_USER cuc  INNER JOIN TB_USER uc ON cuc.user_id = uc.id  WHERE cuc.course_id = a.id AND cuc.course_yn = 'Y' AND cuc.status IN (1,3)  ) course_cnt , (SELECT COUNT(*) FROM LM_COURSE_USER cuc  INNER JOIN TB_USER uc ON cuc.user_id = uc.id  WHERE cuc.course_id = a.id AND cuc.complete2_yn = 'Y' AND cuc.status IN (1,3)  ) complete2_cnt , (SELECT COUNT(*) FROM LM_COURSE_USER cuc  INNER JOIN TB_USER uc ON cuc.user_id = uc.id  WHERE cuc.course_id = a.id AND cuc.course2_yn = 'Y' AND cuc.status IN (1,3)  ) course2_cnt  FROM LM_COURSE a WHERE a.status != -1 AND a.site_id = 1 AND a.onoff_type != 'P' ORDER BY a.reg_date desc LIMIT 0, 20 => Unknown column 'cuc.course_yn' in 'where clause' (Unknown column 'cuc.course_yn' in 'where clause')
[2025-12-18 14:47:03] at /member/privacy_0agree.jsp
{Malgn.mail} mail:sh.kim@newkl.net, subject:[한국폴리텍대학 학습관리시스템] 이메일 수신정보가 변경되었습니다. (Could not connect to SMTP host: 127.0.0.1, port: 25)at /member/privacy_0agree.jsp
{Malgn.mail} mail:sh.kim@newkl.net, subject:[한국폴리텍대학 학습관리시스템] 이메일 수신정보가 변경되었습니다. (Could not connect to SMTP host: 127.0.0.1, port: 25)
[2025-12-18 14:47:03] at /member/privacy_0agree.jsp
{Malgn.mail} mail:sh.kim@newkl.net, subject:[한국폴리텍대학 학습관리시스템] SMS 수신정보가 변경되었습니다. (Could not connect to SMTP host: 127.0.0.1, port: 25)at /member/privacy_0agree.jsp
{Malgn.mail} mail:sh.kim@newkl.net, subject:[한국폴리텍대학 학습관리시스템] SMS 수신정보가 변경되었습니다. (Could not connect to SMTP host: 127.0.0.1, port: 25)
[2025-12-18 15:51:56] at /main/poly_0api_0check.jsp
{Http.send} Connection timed out: connect (Connection timed out: connect)at /main/poly_0api_0check.jsp
{Http.send} Connection timed out: connect (Connection timed out: connect)
[2025-12-18 15:59:46] at /main/poly_0api_0check.jsp
{Http.send} Connection timed out: connect (Connection timed out: connect)at /main/poly_0api_0check.jsp
{Http.send} Connection timed out: connect (Connection timed out: connect)
[2025-12-18 16:00:14] at /main/poly_0api_0check.jsp
{Http.send} Connection timed out: connect (Connection timed out: connect)at /main/poly_0api_0check.jsp
{Http.send} Connection timed out: connect (Connection timed out: connect)
[2025-12-18 16:00:27] at /main/poly_0api_0check.jsp
{Http.send} Connection timed out: connect (Connection timed out: connect)at /main/poly_0api_0check.jsp
{Http.send} Connection timed out: connect (Connection timed out: connect)
